        -:    0:Source:dominion.c
        -:    0:Graph:dominion.gcno
        -:    0:Data:dominion.gcda
        -:    0:Runs:2
        -:    0:Programs:2
        -:    1:#include "dominion.h"
        -:    2:#include "dominion_helpers.h"
        -:    3:#include "rngs.h"
        -:    4:#include <stdio.h>
        -:    5:#include <math.h>
        -:    6:#include <stdlib.h>
        -:    7:
       30:    8:int compare(const void* a, const void* b) {
       30:    9:    if (*(int*)a > *(int*)b)
    #####:   10:        return 1;
       30:   11:    if (*(int*)a < *(int*)b)
        8:   12:        return -1;
       22:   13:    return 0;
        -:   14:}
        -:   15:
    #####:   16:struct gameState* newGame() {
    #####:   17:    struct gameState* g = malloc(sizeof(struct gameState));
    #####:   18:    return g;
        -:   19:}
        -:   20:
    #####:   21:int* kingdomCards(int k1, int k2, int k3, int k4, int k5, int k6, int k7,
        -:   22:                  int k8, int k9, int k10) {
    #####:   23:    int* k = malloc(10 * sizeof(int));
    #####:   24:    k[0] = k1;
    #####:   25:    k[1] = k2;
    #####:   26:    k[2] = k3;
    #####:   27:    k[3] = k4;
    #####:   28:    k[4] = k5;
    #####:   29:    k[5] = k6;
    #####:   30:    k[6] = k7;
    #####:   31:    k[7] = k8;
    #####:   32:    k[8] = k9;
    #####:   33:    k[9] = k10;
    #####:   34:    return k;
        -:   35:}
        -:   36:
        2:   37:int initializeGame(int numPlayers, int kingdomCards[10], int randomSeed,
        -:   38:                   struct gameState *state) {
        -:   39:    int i;
        -:   40:    int j;
        -:   41:    int it;
        -:   42:
        -:   43:    //set up random number generator
        2:   44:    SelectStream(1);
        2:   45:    PutSeed((long)randomSeed);
        -:   46:
        -:   47:    //check number of players
        2:   48:    if (numPlayers > MAX_PLAYERS || numPlayers < 2)
        -:   49:    {
    #####:   50:        return -1;
        -:   51:    }
        -:   52:
        -:   53:    //set number of players
        2:   54:    state->numPlayers = numPlayers;
        -:   55:
        -:   56:    //check selected kingdom cards are different
       13:   57:    for (i = 0; i < 10; i++)
        -:   58:    {
      124:   59:        for (j = 0; j < 10; j++)
        -:   60:        {
      113:   61:            if (j != i && kingdomCards[j] == kingdomCards[i])
        -:   62:            {
        1:   63:                return -1;
        -:   64:            }
        -:   65:        }
        -:   66:    }
        -:   67:
        -:   68:
        -:   69:    //initialize supply
        -:   70:    ///////////////////////////////
        -:   71:
        -:   72:    //set number of Curse cards
        1:   73:    if (numPlayers == 2)
        -:   74:    {
        1:   75:        state->supplyCount[curse] = 10;
        -:   76:    }
    #####:   77:    else if (numPlayers == 3)
        -:   78:    {
    #####:   79:        state->supplyCount[curse] = 20;
        -:   80:    }
        -:   81:    else
        -:   82:    {
    #####:   83:        state->supplyCount[curse] = 30;
        -:   84:    }
        -:   85:
        -:   86:    //set number of Victory cards
        1:   87:    if (numPlayers == 2)
        -:   88:    {
        1:   89:        state->supplyCount[estate] = 8;
        1:   90:        state->supplyCount[duchy] = 8;
        1:   91:        state->supplyCount[province] = 8;
        -:   92:    }
        -:   93:    else
        -:   94:    {
    #####:   95:        state->supplyCount[estate] = 12;
    #####:   96:        state->supplyCount[duchy] = 12;
    #####:   97:        state->supplyCount[province] = 12;
        -:   98:    }
        -:   99:
        -:  100:    //set number of Treasure cards
        1:  101:    state->supplyCount[copper] = 60 - (7 * numPlayers);
        1:  102:    state->supplyCount[silver] = 40;
        1:  103:    state->supplyCount[gold] = 30;
        -:  104:
        -:  105:    //set number of Kingdom cards
       21:  106:    for (i = adventurer; i <= treasure_map; i++)       	//loop all cards
        -:  107:    {
      174:  108:        for (j = 0; j < 10; j++)           		//loop chosen cards
        -:  109:        {
      163:  110:            if (kingdomCards[j] == i)
        -:  111:            {
        -:  112:                //check if card is a 'Victory' Kingdom card
        9:  113:                if (kingdomCards[j] == great_hall || kingdomCards[j] == gardens)
        -:  114:                {
        2:  115:                    if (numPlayers == 2) {
        1:  116:                        state->supplyCount[i] = 8;
        -:  117:                    }
        -:  118:                    else {
    #####:  119:                        state->supplyCount[i] = 12;
        -:  120:                    }
        -:  121:                }
        -:  122:                else
        -:  123:                {
        8:  124:                    state->supplyCount[i] = 10;
        -:  125:                }
        9:  126:                break;
        -:  127:            }
        -:  128:            else    //card is not in the set choosen for the game
        -:  129:            {
      154:  130:                state->supplyCount[i] = -1;
        -:  131:            }
        -:  132:        }
        -:  133:
        -:  134:    }
        -:  135:
        -:  136:    ////////////////////////
        -:  137:    //supply intilization complete
        -:  138:
        -:  139:    //set player decks
        3:  140:    for (i = 0; i < numPlayers; i++)
        -:  141:    {
        2:  142:        state->deckCount[i] = 0;
        8:  143:        for (j = 0; j < 3; j++)
        -:  144:        {
        6:  145:            state->deck[i][j] = estate;
        6:  146:            state->deckCount[i]++;
        -:  147:        }
       16:  148:        for (j = 3; j < 10; j++)
        -:  149:        {
       14:  150:            state->deck[i][j] = copper;
       14:  151:            state->deckCount[i]++;
        -:  152:        }
        -:  153:    }
        -:  154:
        -:  155:    //shuffle player decks
        3:  156:    for (i = 0; i < numPlayers; i++)
        -:  157:    {
        2:  158:        if ( shuffle(i, state) < 0 )
        -:  159:        {
    #####:  160:            return -1;
        -:  161:        }
        -:  162:    }
        -:  163:
        -:  164:    //draw player hands
        3:  165:    for (i = 0; i < numPlayers; i++)
        -:  166:    {
        -:  167:        //initialize hand size to zero
        2:  168:        state->handCount[i] = 0;
        2:  169:        state->discardCount[i] = 0;
        -:  170:        //draw 5 cards
        -:  171:        // for (j = 0; j < 5; j++)
        -:  172:        //	{
        -:  173:        //	  drawCard(i, state);
        -:  174:        //	}
        -:  175:    }
        -:  176:
        -:  177:    //set embargo tokens to 0 for all supply piles
       28:  178:    for (i = 0; i <= treasure_map; i++)
        -:  179:    {
       27:  180:        state->embargoTokens[i] = 0;
        -:  181:    }
        -:  182:
        -:  183:    //initialize first player's turn
        1:  184:    state->outpostPlayed = 0;
        1:  185:    state->phase = 0;
        1:  186:    state->numActions = 1;
        1:  187:    state->numBuys = 1;
        1:  188:    state->playedCardCount = 0;
        1:  189:    state->whoseTurn = 0;
        1:  190:    state->handCount[state->whoseTurn] = 0;
        -:  191:    //int it; move to top
        -:  192:
        -:  193:    //Moved draw cards to here, only drawing at the start of a turn
        6:  194:    for (it = 0; it < 5; it++) {
        5:  195:        drawCard(state->whoseTurn, state);
        -:  196:    }
        -:  197:
        1:  198:    updateCoins(state->whoseTurn, state, 0);
        -:  199:
        1:  200:    return 0;
        -:  201:}
        -:  202:
        2:  203:int shuffle(int player, struct gameState *state) {
        -:  204:
        -:  205:
        -:  206:    int newDeck[MAX_DECK];
        2:  207:    int newDeckPos = 0;
        -:  208:    int card;
        -:  209:    int i;
        -:  210:
        2:  211:    if (state->deckCount[player] < 1)
    #####:  212:        return -1;
        2:  213:    qsort ((void*)(state->deck[player]), state->deckCount[player], sizeof(int), compare);
        -:  214:    /* SORT CARDS IN DECK TO ENSURE DETERMINISM! */
        -:  215:
       24:  216:    while (state->deckCount[player] > 0) {
       20:  217:        card = floor(Random() * state->deckCount[player]);
       20:  218:        newDeck[newDeckPos] = state->deck[player][card];
       20:  219:        newDeckPos++;
       70:  220:        for (i = card; i < state->deckCount[player]-1; i++) {
       50:  221:            state->deck[player][i] = state->deck[player][i+1];
        -:  222:        }
       20:  223:        state->deckCount[player]--;
        -:  224:    }
       22:  225:    for (i = 0; i < newDeckPos; i++) {
       20:  226:        state->deck[player][i] = newDeck[i];
       20:  227:        state->deckCount[player]++;
        -:  228:    }
        -:  229:
        2:  230:    return 0;
        -:  231:}
        -:  232:
    #####:  233:int playCard(int handPos, int choice1, int choice2, int choice3, struct gameState *state)
        -:  234:{
        -:  235:    int card;
    #####:  236:    int coin_bonus = 0; 		//tracks coins gain from actions
        -:  237:
        -:  238:    //check if it is the right phase
    #####:  239:    if (state->phase != 0)
        -:  240:    {
    #####:  241:        return -1;
        -:  242:    }
        -:  243:
        -:  244:    //check if player has enough actions
    #####:  245:    if ( state->numActions < 1 )
        -:  246:    {
    #####:  247:        return -1;
        -:  248:    }
        -:  249:
        -:  250:    //get card played
    #####:  251:    card = handCard(handPos, state);
        -:  252:
        -:  253:    //check if selected card is an action
    #####:  254:    if ( card < adventurer || card > treasure_map )
        -:  255:    {
    #####:  256:        return -1;
        -:  257:    }
        -:  258:
        -:  259:    //play card
    #####:  260:    if ( cardEffect(card, choice1, choice2, choice3, state, handPos, &coin_bonus) < 0 )
        -:  261:    {
    #####:  262:        return -1;
        -:  263:    }
        -:  264:
        -:  265:    //reduce number of actions
    #####:  266:    state->numActions--;
        -:  267:
        -:  268:    //update coins (Treasure cards may be added with card draws)
    #####:  269:    updateCoins(state->whoseTurn, state, coin_bonus);
        -:  270:
    #####:  271:    return 0;
        -:  272:}
        -:  273:
    #####:  274:int buyCard(int supplyPos, struct gameState *state) {
        -:  275:    int who;
        -:  276:    if (DEBUG) {
        -:  277:        printf("Entering buyCard...\n");
        -:  278:    }
        -:  279:
        -:  280:    // I don't know what to do about the phase thing.
        -:  281:
    #####:  282:    who = state->whoseTurn;
        -:  283:
    #####:  284:    if (state->numBuys < 1) {
        -:  285:        if (DEBUG)
        -:  286:            printf("You do not have any buys left\n");
    #####:  287:        return -1;
    #####:  288:    } else if (supplyCount(supplyPos, state) <1) {
        -:  289:        if (DEBUG)
        -:  290:            printf("There are not any of that type of card left\n");
    #####:  291:        return -1;
    #####:  292:    } else if (state->coins < getCost(supplyPos)) {
        -:  293:        if (DEBUG)
        -:  294:            printf("You do not have enough money to buy that. You have %d coins.\n", state->coins);
    #####:  295:        return -1;
        -:  296:    } else {
    #####:  297:        state->phase=1;
        -:  298:        //state->supplyCount[supplyPos]--;
    #####:  299:        gainCard(supplyPos, state, 0, who); //card goes in discard, this might be wrong.. (2 means goes into hand, 0 goes into discard)
        -:  300:
    #####:  301:        state->coins = (state->coins) - (getCost(supplyPos));
    #####:  302:        state->numBuys--;
        -:  303:        if (DEBUG)
        -:  304:            printf("You bought card number %d for %d coins. You now have %d buys and %d coins.\n", supplyPos, getCost(supplyPos), state->numBuys, state->coins);
        -:  305:    }
        -:  306:
        -:  307:    //state->discard[who][state->discardCount[who]] = supplyPos;
        -:  308:    //state->discardCount[who]++;
        -:  309:
    #####:  310:    return 0;
        -:  311:}
        -:  312:
    #####:  313:int numHandCards(struct gameState *state) {
    #####:  314:    return state->handCount[ whoseTurn(state) ];
        -:  315:}
        -:  316:
    #####:  317:int handCard(int handPos, struct gameState *state) {
    #####:  318:    int currentPlayer = whoseTurn(state);
    #####:  319:    return state->hand[currentPlayer][handPos];
        -:  320:}
        -:  321:
        2:  322:int supplyCount(int card, struct gameState *state) {
        2:  323:    return state->supplyCount[card];
        -:  324:}
        -:  325:
    #####:  326:int fullDeckCount(int player, int card, struct gameState *state) {
        -:  327:    int i;
    #####:  328:    int count = 0;
        -:  329:
    #####:  330:    for (i = 0; i < state->deckCount[player]; i++)
        -:  331:    {
    #####:  332:        if (state->deck[player][i] == card) count++;
        -:  333:    }
        -:  334:
    #####:  335:    for (i = 0; i < state->handCount[player]; i++)
        -:  336:    {
    #####:  337:        if (state->hand[player][i] == card) count++;
        -:  338:    }
        -:  339:
    #####:  340:    for (i = 0; i < state->discardCount[player]; i++)
        -:  341:    {
    #####:  342:        if (state->discard[player][i] == card) count++;
        -:  343:    }
        -:  344:
    #####:  345:    return count;
        -:  346:}
        -:  347:
        2:  348:int whoseTurn(struct gameState *state) {
        2:  349:    return state->whoseTurn;
        -:  350:}
        -:  351:
    #####:  352:int endTurn(struct gameState *state) {
        -:  353:    int k;
        -:  354:    int i;
    #####:  355:    int currentPlayer = whoseTurn(state);
        -:  356:
        -:  357:    //Discard hand
    #####:  358:    for (i = 0; i < state->handCount[currentPlayer]; i++) {
    #####:  359:        state->discard[currentPlayer][state->discardCount[currentPlayer]++] = state->hand[currentPlayer][i];//Discard
    #####:  360:        state->hand[currentPlayer][i] = -1;//Set card to -1
        -:  361:    }
    #####:  362:    state->handCount[currentPlayer] = 0;//Reset hand count
        -:  363:
        -:  364:    //Code for determining the player
    #####:  365:    if (currentPlayer < (state->numPlayers - 1)) {
    #####:  366:        state->whoseTurn = currentPlayer + 1;//Still safe to increment
        -:  367:    }
        -:  368:    else {
    #####:  369:        state->whoseTurn = 0;//Max player has been reached, loop back around to player 1
        -:  370:    }
        -:  371:
    #####:  372:    state->outpostPlayed = 0;
    #####:  373:    state->phase = 0;
    #####:  374:    state->numActions = 1;
    #####:  375:    state->coins = 0;
    #####:  376:    state->numBuys = 1;
    #####:  377:    state->playedCardCount = 0;
    #####:  378:    state->handCount[state->whoseTurn] = 0;
        -:  379:
        -:  380:    //int k; move to top
        -:  381:    //Next player draws hand
    #####:  382:    for (k = 0; k < 5; k++) {
    #####:  383:        drawCard(state->whoseTurn, state);//Draw a card
        -:  384:    }
        -:  385:
        -:  386:    //Update money
    #####:  387:    updateCoins(state->whoseTurn, state, 0);
        -:  388:
    #####:  389:    return 0;
        -:  390:}
        -:  391:
    #####:  392:int isGameOver(struct gameState *state) {
        -:  393:    int i;
        -:  394:    int j;
        -:  395:
        -:  396:    //if stack of Province cards is empty, the game ends
    #####:  397:    if (state->supplyCount[province] == 0)
        -:  398:    {
    #####:  399:        return 1;
        -:  400:    }
        -:  401:
        -:  402:    //if three supply pile are at 0, the game ends
    #####:  403:    j = 0;
    #####:  404:    for (i = 0; i < 25; i++)
        -:  405:    {
    #####:  406:        if (state->supplyCount[i] == 0)
        -:  407:        {
    #####:  408:            j++;
        -:  409:        }
        -:  410:    }
    #####:  411:    if ( j >= 3)
        -:  412:    {
    #####:  413:        return 1;
        -:  414:    }
        -:  415:
    #####:  416:    return 0;
        -:  417:}
        -:  418:
    #####:  419:int scoreFor (int player, struct gameState *state) {
        -:  420:
        -:  421:    int i;
    #####:  422:    int score = 0;
        -:  423:    //score from hand
    #####:  424:    for (i = 0; i < state->handCount[player]; i++)
        -:  425:    {
    #####:  426:        if (state->hand[player][i] == curse) {
    #####:  427:            score = score - 1;
        -:  428:        };
    #####:  429:        if (state->hand[player][i] == estate) {
    #####:  430:            score = score + 1;
        -:  431:        };
    #####:  432:        if (state->hand[player][i] == duchy) {
    #####:  433:            score = score + 3;
        -:  434:        };
    #####:  435:        if (state->hand[player][i] == province) {
    #####:  436:            score = score + 6;
        -:  437:        };
    #####:  438:        if (state->hand[player][i] == great_hall) {
    #####:  439:            score = score + 1;
        -:  440:        };
    #####:  441:        if (state->hand[player][i] == gardens) {
    #####:  442:            score = score + ( fullDeckCount(player, 0, state) / 10 );
        -:  443:        };
        -:  444:    }
        -:  445:
        -:  446:    //score from discard
    #####:  447:    for (i = 0; i < state->discardCount[player]; i++)
        -:  448:    {
    #####:  449:        if (state->discard[player][i] == curse) {
    #####:  450:            score = score - 1;
        -:  451:        };
    #####:  452:        if (state->discard[player][i] == estate) {
    #####:  453:            score = score + 1;
        -:  454:        };
    #####:  455:        if (state->discard[player][i] == duchy) {
    #####:  456:            score = score + 3;
        -:  457:        };
    #####:  458:        if (state->discard[player][i] == province) {
    #####:  459:            score = score + 6;
        -:  460:        };
    #####:  461:        if (state->discard[player][i] == great_hall) {
    #####:  462:            score = score + 1;
        -:  463:        };
    #####:  464:        if (state->discard[player][i] == gardens) {
    #####:  465:            score = score + ( fullDeckCount(player, 0, state) / 10 );
        -:  466:        };
        -:  467:    }
        -:  468:
        -:  469:    //score from deck
    #####:  470:    for (i = 0; i < state->discardCount[player]; i++)
        -:  471:    {
    #####:  472:        if (state->deck[player][i] == curse) {
    #####:  473:            score = score - 1;
        -:  474:        };
    #####:  475:        if (state->deck[player][i] == estate) {
    #####:  476:            score = score + 1;
        -:  477:        };
    #####:  478:        if (state->deck[player][i] == duchy) {
    #####:  479:            score = score + 3;
        -:  480:        };
    #####:  481:        if (state->deck[player][i] == province) {
    #####:  482:            score = score + 6;
        -:  483:        };
    #####:  484:        if (state->deck[player][i] == great_hall) {
    #####:  485:            score = score + 1;
        -:  486:        };
    #####:  487:        if (state->deck[player][i] == gardens) {
    #####:  488:            score = score + ( fullDeckCount(player, 0, state) / 10 );
        -:  489:        };
        -:  490:    }
        -:  491:
    #####:  492:    return score;
        -:  493:}
        -:  494:
    #####:  495:int getWinners(int players[MAX_PLAYERS], struct gameState *state) {
        -:  496:    int i;
        -:  497:    int j;
        -:  498:    int highScore;
        -:  499:    int currentPlayer;
        -:  500:
        -:  501:    //get score for each player
    #####:  502:    for (i = 0; i < MAX_PLAYERS; i++)
        -:  503:    {
        -:  504:        //set unused player scores to -9999
    #####:  505:        if (i >= state->numPlayers)
        -:  506:        {
    #####:  507:            players[i] = -9999;
        -:  508:        }
        -:  509:        else
        -:  510:        {
    #####:  511:            players[i] = scoreFor (i, state);
        -:  512:        }
        -:  513:    }
        -:  514:
        -:  515:    //find highest score
    #####:  516:    j = 0;
    #####:  517:    for (i = 0; i < MAX_PLAYERS; i++)
        -:  518:    {
    #####:  519:        if (players[i] > players[j])
        -:  520:        {
    #####:  521:            j = i;
        -:  522:        }
        -:  523:    }
    #####:  524:    highScore = players[j];
        -:  525:
        -:  526:    //add 1 to players who had less turns
    #####:  527:    currentPlayer = whoseTurn(state);
    #####:  528:    for (i = 0; i < MAX_PLAYERS; i++)
        -:  529:    {
    #####:  530:        if ( players[i] == highScore && i > currentPlayer )
        -:  531:        {
    #####:  532:            players[i]++;
        -:  533:        }
        -:  534:    }
        -:  535:
        -:  536:    //find new highest score
    #####:  537:    j = 0;
    #####:  538:    for (i = 0; i < MAX_PLAYERS; i++)
        -:  539:    {
    #####:  540:        if ( players[i] > players[j] )
        -:  541:        {
    #####:  542:            j = i;
        -:  543:        }
        -:  544:    }
    #####:  545:    highScore = players[j];
        -:  546:
        -:  547:    //set winners in array to 1 and rest to 0
    #####:  548:    for (i = 0; i < MAX_PLAYERS; i++)
        -:  549:    {
    #####:  550:        if ( players[i] == highScore )
        -:  551:        {
    #####:  552:            players[i] = 1;
        -:  553:        }
        -:  554:        else
        -:  555:        {
    #####:  556:            players[i] = 0;
        -:  557:        }
        -:  558:    }
        -:  559:
    #####:  560:    return 0;
        -:  561:}
        -:  562:
        7:  563:int drawCard(int player, struct gameState *state)
        -:  564:{   int count;
        -:  565:    int deckCounter;
        7:  566:    if (state->deckCount[player] <= 0) { //Deck is empty
        -:  567:
        -:  568:        //Step 1 Shuffle the discard pile back into a deck
        -:  569:        int i;
        -:  570:        //Move discard to deck
    #####:  571:        for (i = 0; i < state->discardCount[player]; i++) {
    #####:  572:            state->deck[player][i] = state->discard[player][i];
    #####:  573:            state->discard[player][i] = -1;
        -:  574:        }
        -:  575:
    #####:  576:        state->deckCount[player] = state->discardCount[player];
    #####:  577:        state->discardCount[player] = 0;//Reset discard
        -:  578:
        -:  579:        //Shufffle the deck
    #####:  580:        shuffle(player, state);//Shuffle the deck up and make it so that we can draw
        -:  581:
        -:  582:        if (DEBUG) { //Debug statements
        -:  583:            printf("Deck count now: %d\n", state->deckCount[player]);
        -:  584:        }
        -:  585:
    #####:  586:        state->discardCount[player] = 0;
        -:  587:
        -:  588:        //Step 2 Draw Card
    #####:  589:        count = state->handCount[player];//Get current player's hand count
        -:  590:
        -:  591:        if (DEBUG) { //Debug statements
        -:  592:            printf("Current hand count: %d\n", count);
        -:  593:        }
        -:  594:
    #####:  595:        deckCounter = state->deckCount[player];//Create a holder for the deck count
        -:  596:
    #####:  597:        if (deckCounter == 0)
    #####:  598:            return -1;
        -:  599:
    #####:  600:        state->hand[player][count] = state->deck[player][deckCounter - 1];//Add card to hand
    #####:  601:        state->deckCount[player]--;
    #####:  602:        state->handCount[player]++;//Increment hand count
        -:  603:    }
        -:  604:
        -:  605:    else {
        7:  606:        int count = state->handCount[player];//Get current hand count for player
        -:  607:        int deckCounter;
        -:  608:        if (DEBUG) { //Debug statements
        -:  609:            printf("Current hand count: %d\n", count);
        -:  610:        }
        -:  611:
        7:  612:        deckCounter = state->deckCount[player];//Create holder for the deck count
        7:  613:        state->hand[player][count] = state->deck[player][deckCounter - 1];//Add card to the hand
        7:  614:        state->deckCount[player]--;
        7:  615:        state->handCount[player]++;//Increment hand count
        -:  616:    }
        -:  617:
        7:  618:    return 0;
        -:  619:}
        -:  620:
    #####:  621:int getCost(int cardNumber)
        -:  622:{
    #####:  623:    switch( cardNumber )
        -:  624:    {
        -:  625:    case curse:
    #####:  626:        return 0;
        -:  627:    case estate:
    #####:  628:        return 2;
        -:  629:    case duchy:
    #####:  630:        return 5;
        -:  631:    case province:
    #####:  632:        return 8;
        -:  633:    case copper:
    #####:  634:        return 0;
        -:  635:    case silver:
    #####:  636:        return 3;
        -:  637:    case gold:
    #####:  638:        return 6;
        -:  639:    case adventurer:
    #####:  640:        return 6;
        -:  641:    case council_room:
    #####:  642:        return 5;
        -:  643:    case feast:
    #####:  644:        return 4;
        -:  645:    case gardens:
    #####:  646:        return 4;
        -:  647:    case mine:
    #####:  648:        return 5;
        -:  649:    case remodel:
    #####:  650:        return 4;
        -:  651:    case smithy:
    #####:  652:        return 4;
        -:  653:    case village:
    #####:  654:        return 3;
        -:  655:    case baron:
    #####:  656:        return 4;
        -:  657:    case great_hall:
    #####:  658:        return 3;
        -:  659:    case minion:
    #####:  660:        return 5;
        -:  661:    case steward:
    #####:  662:        return 3;
        -:  663:    case tribute:
    #####:  664:        return 5;
        -:  665:    case ambassador:
    #####:  666:        return 3;
        -:  667:    case cutpurse:
    #####:  668:        return 4;
        -:  669:    case embargo:
    #####:  670:        return 2;
        -:  671:    case outpost:
    #####:  672:        return 5;
        -:  673:    case salvager:
    #####:  674:        return 4;
        -:  675:    case sea_hag:
    #####:  676:        return 4;
        -:  677:    case treasure_map:
    #####:  678:        return 4;
        -:  679:    }
        -:  680:
    #####:  681:    return -1;
        -:  682:}
        -:  683:
        2:  684:int cardEffect(int card, int choice1, int choice2, int choice3, struct gameState *state, int handPos, int *bonus)
        -:  685:{
        -:  686:    int i;
        -:  687:    int j;
        -:  688:    int k;
        -:  689:    int x;
        -:  690:    int index;
        2:  691:    int currentPlayer = whoseTurn(state);
        2:  692:    int nextPlayer = currentPlayer + 1;
        -:  693:
        2:  694:    int tributeRevealedCards[2] = {-1, -1};
        -:  695:    int temphand[MAX_HAND];// moved above the if statement
        2:  696:    int drawntreasure=0;
        -:  697:    int cardDrawn;
        2:  698:    int z = 0;// this is the counter for the temp hand
        2:  699:    if (nextPlayer > (state->numPlayers - 1)) {
    #####:  700:        nextPlayer = 0;
        -:  701:    }
        -:  702:
        -:  703:
        -:  704:    //uses switch to select card and perform actions
        2:  705:    switch( card )
        -:  706:    {
        -:  707:    case adventurer:
    #####:  708:        while(drawntreasure<2) {
    #####:  709:            if (state->deckCount[currentPlayer] <1) { //if the deck is empty we need to shuffle discard and add to deck
    #####:  710:                shuffle(currentPlayer, state);
        -:  711:            }
    #####:  712:            drawCard(currentPlayer, state);
    #####:  713:            cardDrawn = state->hand[currentPlayer][state->handCount[currentPlayer]-1];//top card of hand is most recently drawn card.
    #####:  714:            if (cardDrawn == copper || cardDrawn == silver || cardDrawn == gold)
    #####:  715:                drawntreasure++;
        -:  716:            else {
    #####:  717:                temphand[z]=cardDrawn;
    #####:  718:                state->handCount[currentPlayer]--; //this should just remove the top card (the most recently drawn one).
    #####:  719:                z++;
        -:  720:            }
        -:  721:        }
    #####:  722:        while(z-1>=0) {
    #####:  723:            state->discard[currentPlayer][state->discardCount[currentPlayer]++]=temphand[z-1]; // discard all cards in play that have been drawn
    #####:  724:            z=z-1;
        -:  725:        }
    #####:  726:        return 0;
        -:  727:
        -:  728:    case council_room:
        -:  729:        //+4 Cards
    #####:  730:        for (i = 0; i < 4; i++)
        -:  731:        {
    #####:  732:            drawCard(currentPlayer, state);
        -:  733:        }
        -:  734:
        -:  735:        //+1 Buy
    #####:  736:        state->numBuys++;
        -:  737:
        -:  738:        //Each other player draws a card
    #####:  739:        for (i = 0; i < state->numPlayers; i++)
        -:  740:        {
    #####:  741:            if ( i != currentPlayer )
        -:  742:            {
    #####:  743:                drawCard(i, state);
        -:  744:            }
        -:  745:        }
        -:  746:
        -:  747:        //put played card in played card pile
    #####:  748:        discardCard(handPos, currentPlayer, state, 0);
        -:  749:
    #####:  750:        return 0;
        -:  751:
        -:  752:    case feast:
        -:  753:        //gain card with cost up to 5
        -:  754:        //Backup hand
    #####:  755:        for (i = 0; i <= state->handCount[currentPlayer]; i++) {
    #####:  756:            temphand[i] = state->hand[currentPlayer][i];//Backup card
    #####:  757:            state->hand[currentPlayer][i] = -1;//Set to nothing
        -:  758:        }
        -:  759:        //Backup hand
        -:  760:
        -:  761:        //Update Coins for Buy
    #####:  762:        updateCoins(currentPlayer, state, 5);
    #####:  763:        x = 1;//Condition to loop on
    #####:  764:        while( x == 1) {//Buy one card
    #####:  765:            if (supplyCount(choice1, state) <= 0) {
        -:  766:                if (DEBUG)
        -:  767:                    printf("None of that card left, sorry!\n");
        -:  768:
        -:  769:                if (DEBUG) {
        -:  770:                    printf("Cards Left: %d\n", supplyCount(choice1, state));
        -:  771:                }
        -:  772:            }
    #####:  773:            else if (state->coins < getCost(choice1)) {
    #####:  774:                printf("That card is too expensive!\n");
        -:  775:
        -:  776:                if (DEBUG) {
        -:  777:                    printf("Coins: %d < %d\n", state->coins, getCost(choice1));
        -:  778:                }
        -:  779:            }
        -:  780:            else {
        -:  781:
        -:  782:                if (DEBUG) {
        -:  783:                    printf("Deck Count: %d\n", state->handCount[currentPlayer] + state->deckCount[currentPlayer] + state->discardCount[currentPlayer]);
        -:  784:                }
        -:  785:
    #####:  786:                gainCard(choice1, state, 0, currentPlayer);//Gain the card
    #####:  787:                x = 0;//No more buying cards
        -:  788:
        -:  789:                if (DEBUG) {
        -:  790:                    printf("Deck Count: %d\n", state->handCount[currentPlayer] + state->deckCount[currentPlayer] + state->discardCount[currentPlayer]);
        -:  791:                }
        -:  792:
        -:  793:            }
        -:  794:        }
        -:  795:
        -:  796:        //Reset Hand
    #####:  797:        for (i = 0; i <= state->handCount[currentPlayer]; i++) {
    #####:  798:            state->hand[currentPlayer][i] = temphand[i];
    #####:  799:            temphand[i] = -1;
        -:  800:        }
        -:  801:        //Reset Hand
        -:  802:
    #####:  803:        return 0;
        -:  804:
        -:  805:    case gardens:
    #####:  806:        return -1;
        -:  807:
        -:  808:    case mine:
    #####:  809:        j = state->hand[currentPlayer][choice1];  //store card we will trash
        -:  810:
    #####:  811:        if (state->hand[currentPlayer][choice1] < copper || state->hand[currentPlayer][choice1] > gold)
        -:  812:        {
    #####:  813:            return -1;
        -:  814:        }
        -:  815:
    #####:  816:        if (choice2 > treasure_map || choice2 < curse)
        -:  817:        {
    #####:  818:            return -1;
        -:  819:        }
        -:  820:
    #####:  821:        if ( (getCost(state->hand[currentPlayer][choice1]) + 3) > getCost(choice2) )
        -:  822:        {
    #####:  823:            return -1;
        -:  824:        }
        -:  825:
    #####:  826:        gainCard(choice2, state, 2, currentPlayer);
        -:  827:
        -:  828:        //discard card from hand
    #####:  829:        discardCard(handPos, currentPlayer, state, 0);
        -:  830:
        -:  831:        //discard trashed card
    #####:  832:        for (i = 0; i < state->handCount[currentPlayer]; i++)
        -:  833:        {
    #####:  834:            if (state->hand[currentPlayer][i] == j)
        -:  835:            {
    #####:  836:                discardCard(i, currentPlayer, state, 0);
    #####:  837:                break;
        -:  838:            }
        -:  839:        }
        -:  840:
    #####:  841:        return 0;
        -:  842:
        -:  843:    case remodel:
    #####:  844:        j = state->hand[currentPlayer][choice1];  //store card we will trash
        -:  845:
    #####:  846:        if ( (getCost(state->hand[currentPlayer][choice1]) + 2) > getCost(choice2) )
        -:  847:        {
    #####:  848:            return -1;
        -:  849:        }
        -:  850:
    #####:  851:        gainCard(choice2, state, 0, currentPlayer);
        -:  852:
        -:  853:        //discard card from hand
    #####:  854:        discardCard(handPos, currentPlayer, state, 0);
        -:  855:
        -:  856:        //discard trashed card
    #####:  857:        for (i = 0; i < state->handCount[currentPlayer]; i++)
        -:  858:        {
    #####:  859:            if (state->hand[currentPlayer][i] == j)
        -:  860:            {
    #####:  861:                discardCard(i, currentPlayer, state, 0);
    #####:  862:                break;
        -:  863:            }
        -:  864:        }
        -:  865:
        -:  866:
    #####:  867:        return 0;
        -:  868:
        -:  869:    case smithy:
        -:  870:        //+3 Cards
    #####:  871:        for (i = 0; i < 3; i++)
        -:  872:        {
    #####:  873:            drawCard(currentPlayer, state);
        -:  874:        }
        -:  875:
        -:  876:        //discard card from hand
    #####:  877:        discardCard(handPos, currentPlayer, state, 0);
    #####:  878:        return 0;
        -:  879:
        -:  880:    case village:
        -:  881:        //+1 Card
    #####:  882:        drawCard(currentPlayer, state);
        -:  883:
        -:  884:        //+2 Actions
    #####:  885:        state->numActions = state->numActions + 2;
        -:  886:
        -:  887:        //discard played card from hand
    #####:  888:        discardCard(handPos, currentPlayer, state, 0);
    #####:  889:        return 0;
        -:  890:
        -:  891:    case baron:
    #####:  892:        state->numBuys++;//Increase buys by 1!
    #####:  893:        if (choice1 > 0) { //Boolean true or going to discard an estate
    #####:  894:            int p = 0;//Iterator for hand!
    #####:  895:            int card_not_discarded = 1;//Flag for discard set!
    #####:  896:            while(card_not_discarded) {
    #####:  897:                if (state->hand[currentPlayer][p] == estate) { //Found an estate card!
    #####:  898:                    state->coins += 4;//Add 4 coins to the amount of coins
    #####:  899:                    state->discard[currentPlayer][state->discardCount[currentPlayer]] = state->hand[currentPlayer][p];
    #####:  900:                    state->discardCount[currentPlayer]++;
    #####:  901:                    for (; p < state->handCount[currentPlayer]; p++) {
    #####:  902:                        state->hand[currentPlayer][p] = state->hand[currentPlayer][p+1];
        -:  903:                    }
    #####:  904:                    state->hand[currentPlayer][state->handCount[currentPlayer]] = -1;
    #####:  905:                    state->handCount[currentPlayer]--;
    #####:  906:                    card_not_discarded = 0;//Exit the loop
        -:  907:                }
    #####:  908:                else if (p > state->handCount[currentPlayer]) {
        -:  909:                    if(DEBUG) {
        -:  910:                        printf("No estate cards in your hand, invalid choice\n");
        -:  911:                        printf("Must gain an estate if there are any\n");
        -:  912:                    }
    #####:  913:                    if (supplyCount(estate, state) > 0) {
    #####:  914:                        gainCard(estate, state, 0, currentPlayer);
        -:  915:
    #####:  916:                        state->supplyCount[estate]--;//Decrement estates
    #####:  917:                        if (supplyCount(estate, state) == 0) {
    #####:  918:                            isGameOver(state);
        -:  919:                        }
        -:  920:                    }
    #####:  921:                    card_not_discarded = 0;//Exit the loop
        -:  922:                }
        -:  923:
        -:  924:                else {
    #####:  925:                    p++;//Next card
        -:  926:                }
        -:  927:            }
        -:  928:        }
        -:  929:
        -:  930:        else {
    #####:  931:            if (supplyCount(estate, state) > 0) {
    #####:  932:                gainCard(estate, state, 0, currentPlayer);//Gain an estate
        -:  933:
    #####:  934:                state->supplyCount[estate]--;//Decrement Estates
    #####:  935:                if (supplyCount(estate, state) == 0) {
    #####:  936:                    isGameOver(state);
        -:  937:                }
        -:  938:            }
        -:  939:        }
        -:  940:
        -:  941:
    #####:  942:        return 0;
        -:  943:
        -:  944:    case great_hall:
        -:  945:        //+1 Card
    #####:  946:        drawCard(currentPlayer, state);
        -:  947:
        -:  948:        //+1 Actions
    #####:  949:        state->numActions++;
        -:  950:
        -:  951:        //discard card from hand
    #####:  952:        discardCard(handPos, currentPlayer, state, 0);
    #####:  953:        return 0;
        -:  954:
        -:  955:    case minion:
        -:  956:        //+1 action
    #####:  957:        state->numActions++;
        -:  958:
        -:  959:        //discard card from hand
    #####:  960:        discardCard(handPos, currentPlayer, state, 0);
        -:  961:
    #####:  962:		if (choice1)
        -:  963:        {
    #####:  964:            state->coins = state->coins + 2;
        -:  965:        }
    #####:  966:        else if (choice2)		//discard hand, redraw 4, other players with 5+ cards discard hand and draw 4
        -:  967:        {
        -:  968:            //discard hand
    #####:  969:            while(numHandCards(state) > 0)
        -:  970:            {
    #####:  971:                discardCard(handPos, currentPlayer, state, 0);
        -:  972:            }
        -:  973:
        -:  974:            //draw 4
    #####:  975:            for (i = 0; i < 4; i++)
        -:  976:            {
    #####:  977:                drawCard(currentPlayer, state);
        -:  978:            }
        -:  979:
        -:  980:            //other players discard hand and redraw if hand size > 4
    #####:  981:            for (i = 0; i < state->numPlayers; i++)
        -:  982:            {
    #####:  983:                if (i != currentPlayer)
        -:  984:                {
    #####:  985:                    if ( state->handCount[i] > 4 )
        -:  986:                    {
        -:  987:                        //discard hand
    #####:  988:                        while( state->handCount[i] > 0 )
        -:  989:                        {
    #####:  990:                            discardCard(handPos, i, state, 0);
        -:  991:                        }
        -:  992:
        -:  993:                        //draw 4
    #####:  994:                        for (j = 0; j < 4; j++)
        -:  995:                        {
    #####:  996:                            drawCard(i, state);
        -:  997:                        }
        -:  998:                    }
        -:  999:                }
        -: 1000:            }
        -: 1001:
        -: 1002:        }
    #####: 1003:        return 0;
        -: 1004:
        -: 1005:    case steward:
    #####: 1006:        if (choice1 == 1)
        -: 1007:        {
        -: 1008:            //+2 cards
    #####: 1009:            drawCard(currentPlayer, state);
    #####: 1010:            drawCard(currentPlayer, state);
        -: 1011:        }
    #####: 1012:        else if (choice1 == 2)
        -: 1013:        {
        -: 1014:            //+2 coins
    #####: 1015:            state->coins = state->coins + 2;
        -: 1016:        }
        -: 1017:        else
        -: 1018:        {
        -: 1019:            //trash 2 cards in hand
    #####: 1020:            discardCard(choice2, currentPlayer, state, 1);
    #####: 1021:            discardCard(choice3, currentPlayer, state, 1);
        -: 1022:        }
        -: 1023:
        -: 1024:        //discard card from hand
    #####: 1025:        discardCard(handPos, currentPlayer, state, 0);
    #####: 1026:        return 0;
        -: 1027:
        -: 1028:    case tribute:
        1: 1029:        if ((state->discardCount[nextPlayer] + state->deckCount[nextPlayer]) <= 1) {
    #####: 1030:            if (state->deckCount[nextPlayer] > 0) {
    #####: 1031:                tributeRevealedCards[0] = state->deck[nextPlayer][state->deckCount[nextPlayer]-1];
    #####: 1032:                state->deckCount[nextPlayer]--;
        -: 1033:            }
    #####: 1034:            else if (state->discardCount[nextPlayer] > 0) {
    #####: 1035:                tributeRevealedCards[0] = state->discard[nextPlayer][state->discardCount[nextPlayer]-1];
    #####: 1036:                state->discardCount[nextPlayer]--;
        -: 1037:            }
        -: 1038:            else {
        -: 1039:                //No Card to Reveal
        -: 1040:                if (DEBUG) {
        -: 1041:                    printf("No cards to reveal\n");
        -: 1042:                }
        -: 1043:            }
        -: 1044:        }
        -: 1045:
        -: 1046:        else {
        1: 1047:            if (state->deckCount[nextPlayer] == 0) {
    #####: 1048:                for (i = 0; i < state->discardCount[nextPlayer]; i++) {
    #####: 1049:                    state->deck[nextPlayer][i] = state->discard[nextPlayer][i];//Move to deck
    #####: 1050:                    state->deckCount[nextPlayer]++;
    #####: 1051:                    state->discard[nextPlayer][i] = -1;
    #####: 1052:                    state->discardCount[nextPlayer]--;
        -: 1053:                }
        -: 1054:
    #####: 1055:                shuffle(nextPlayer,state);//Shuffle the deck
        -: 1056:            }
        1: 1057:            tributeRevealedCards[0] = state->deck[nextPlayer][state->deckCount[nextPlayer]-1];
        1: 1058:            state->deck[nextPlayer][state->deckCount[nextPlayer]--] = -1;
        1: 1059:            state->deckCount[nextPlayer]--;
        1: 1060:            tributeRevealedCards[1] = state->deck[nextPlayer][state->deckCount[nextPlayer]-1];
        1: 1061:            state->deck[nextPlayer][state->deckCount[nextPlayer]--] = -1;
        1: 1062:            state->deckCount[nextPlayer]--;
        -: 1063:        }
        -: 1064:
        1: 1065:        if (tributeRevealedCards[0] == tributeRevealedCards[1]) { //If we have a duplicate card, just drop one
        1: 1066:            state->playedCards[state->playedCardCount] = tributeRevealedCards[1];
        1: 1067:            state->playedCardCount++;
        1: 1068:            tributeRevealedCards[1] = -1;
        -: 1069:        }
        -: 1070:
        2: 1071:        for (i = 0; i <= 2; i ++) {
        2: 1072:            if(tributeRevealedCards[i] ==-1){
        1: 1073:		break;
        -: 1074:		}
        1: 1075:		if (tributeRevealedCards[i] == copper || tributeRevealedCards[i] == silver || tributeRevealedCards[i] == gold) { //Treasure cards
    #####: 1076:                state->coins += 2;
        -: 1077:            }
        -: 1078:
        1: 1079:            else if (tributeRevealedCards[i] == estate || tributeRevealedCards[i] == duchy || tributeRevealedCards[i] == province || tributeRevealedCards[i] == gardens || tributeRevealedCards[i] == great_hall) { //Victory Card Found
        1: 1080:                drawCard(currentPlayer, state);
        1: 1081:                drawCard(currentPlayer, state);
        -: 1082:            }
        -: 1083:            else { //Action Card
    #####: 1084:                state->numActions = state->numActions + 2;
        -: 1085:            }
        -: 1086:        }
        -: 1087:
        1: 1088:        return 0;
        -: 1089:
        -: 1090:    case ambassador:
        1: 1091:        j = 0;		//used to check if player has enough cards to discard
        -: 1092:
        1: 1093:        if (choice2 > 2 || choice2 < 0)
        -: 1094:        {
    #####: 1095:            return -1;
        -: 1096:        }
        -: 1097:
        1: 1098:        if (choice1 == handPos)
        -: 1099:        {
    #####: 1100:            return -1;
        -: 1101:        }
        -: 1102:
        6: 1103:        for (i = 0; i < state->handCount[currentPlayer]; i++)
        -: 1104:        {
        5: 1105:            if (i != handPos && state->hand[currentPlayer][i] == state->hand[currentPlayer][choice1] && i != choice1)
        -: 1106:            {
        3: 1107:                j++;
        -: 1108:            }
        -: 1109:        }
        1: 1110:        if (j < choice2)
        -: 1111:        {
    #####: 1112:            return -1;
        -: 1113:        }
        -: 1114:
        -: 1115:        if (DEBUG)
        -: 1116:            printf("Player %d reveals card number: %d\n", currentPlayer, state->hand[currentPlayer][choice1]);
        -: 1117:
        -: 1118:        //increase supply count for choosen card by amount being discarded
        1: 1119:        state->supplyCount[state->hand[currentPlayer][choice1]] += choice2;
        -: 1120:
        -: 1121:        //each other player gains a copy of revealed card
        4: 1122:        for (i = 0; i < state->numPlayers; i++)
        -: 1123:        {
        3: 1124:            if (i != currentPlayer)
        -: 1125:            {
        2: 1126:                gainCard(state->hand[currentPlayer][choice1], state, 2, i);
        -: 1127:            }
        -: 1128:        }
        -: 1129:
        -: 1130:        //discard played card from hand
        1: 1131:        discardCard(handPos, currentPlayer, state, 0);
        -: 1132:
        -: 1133:        //trash copies of cards returned to supply
        3: 1134:        for (j = 0; j < choice2; j++)
        -: 1135:        {
        2: 1136:            for (i = 0; i < state->handCount[currentPlayer]; i++)
        -: 1137:            {
        2: 1138:                if (state->hand[currentPlayer][i] == state->hand[currentPlayer][choice1])
        -: 1139:                {
        2: 1140:                    discardCard(i, currentPlayer, state, 1);
        2: 1141:                    break;
        -: 1142:                }
        -: 1143:            }
        -: 1144:        }
        -: 1145:
        1: 1146:        return 0;
        -: 1147:
        -: 1148:    case cutpurse:
        -: 1149:
    #####: 1150:        updateCoins(currentPlayer, state, 2);
    #####: 1151:        for (i = 0; i < state->numPlayers; i++)
        -: 1152:        {
    #####: 1153:            if (i != currentPlayer)
        -: 1154:            {
    #####: 1155:                for (j = 0; j < state->handCount[i]; j++)
        -: 1156:                {
    #####: 1157:                    if (state->hand[i][j] == copper)
        -: 1158:                    {
    #####: 1159:                        discardCard(j, i, state, 0);
    #####: 1160:                        break;
        -: 1161:                    }
    #####: 1162:                    if (j == state->handCount[i])
        -: 1163:                    {
    #####: 1164:                        for (k = 0; k < state->handCount[i]; k++)
        -: 1165:                        {
        -: 1166:                            if (DEBUG)
        -: 1167:                                printf("Player %d reveals card number %d\n", i, state->hand[i][k]);
        -: 1168:                        }
    #####: 1169:                        break;
        -: 1170:                    }
        -: 1171:                }
        -: 1172:
        -: 1173:            }
        -: 1174:
        -: 1175:        }
        -: 1176:
        -: 1177:        //discard played card from hand
    #####: 1178:        discardCard(handPos, currentPlayer, state, 0);
        -: 1179:
    #####: 1180:        return 0;
        -: 1181:
        -: 1182:
        -: 1183:    case embargo:
        -: 1184:        //+2 Coins
    #####: 1185:        state->coins = state->coins + 2;
        -: 1186:
        -: 1187:        //see if selected pile is in play
    #####: 1188:        if ( state->supplyCount[choice1] == -1 )
        -: 1189:        {
    #####: 1190:            return -1;
        -: 1191:        }
        -: 1192:
        -: 1193:        //add embargo token to selected supply pile
    #####: 1194:        state->embargoTokens[choice1]++;
        -: 1195:
        -: 1196:        //trash card
    #####: 1197:        discardCard(handPos, currentPlayer, state, 1);
    #####: 1198:        return 0;
        -: 1199:
        -: 1200:    case outpost:
        -: 1201:        //set outpost flag
    #####: 1202:        state->outpostPlayed++;
        -: 1203:
        -: 1204:        //discard card
    #####: 1205:        discardCard(handPos, currentPlayer, state, 0);
    #####: 1206:        return 0;
        -: 1207:
        -: 1208:    case salvager:
        -: 1209:        //+1 buy
    #####: 1210:        state->numBuys++;
        -: 1211:
    #####: 1212:        if (choice1)
        -: 1213:        {
        -: 1214:            //gain coins equal to trashed card
    #####: 1215:            state->coins = state->coins + getCost( handCard(choice1, state) );
        -: 1216:            //trash card
    #####: 1217:            discardCard(choice1, currentPlayer, state, 1);
        -: 1218:        }
        -: 1219:
        -: 1220:        //discard card
    #####: 1221:        discardCard(handPos, currentPlayer, state, 0);
    #####: 1222:        return 0;
        -: 1223:
        -: 1224:    case sea_hag:
    #####: 1225:        for (i = 0; i < state->numPlayers; i++) {
    #####: 1226:            if (i != currentPlayer) {
    #####: 1227:                state->discard[i][state->discardCount[i]] = state->deck[i][state->deckCount[i]--];
    #####: 1228:                state->deckCount[i]--;
    #####: 1229:                state->discardCount[i]++;
    #####: 1230:                state->deck[i][state->deckCount[i]--] = curse;//Top card now a curse
        -: 1231:            }
        -: 1232:        }
    #####: 1233:        return 0;
        -: 1234:
        -: 1235:    case treasure_map:
        -: 1236:        //search hand for another treasure_map
    #####: 1237:        index = -1;
    #####: 1238:        for (i = 0; i < state->handCount[currentPlayer]; i++)
        -: 1239:        {
    #####: 1240:            if (state->hand[currentPlayer][i] == treasure_map && i != handPos)
        -: 1241:            {
    #####: 1242:                index = i;
    #####: 1243:                break;
        -: 1244:            }
        -: 1245:        }
    #####: 1246:        if (index > -1)
        -: 1247:        {
        -: 1248:            //trash both treasure cards
    #####: 1249:            discardCard(handPos, currentPlayer, state, 1);
    #####: 1250:            discardCard(index, currentPlayer, state, 1);
        -: 1251:
        -: 1252:            //gain 4 Gold cards
    #####: 1253:            for (i = 0; i < 4; i++)
        -: 1254:            {
    #####: 1255:                gainCard(gold, state, 1, currentPlayer);
        -: 1256:            }
        -: 1257:
        -: 1258:            //return success
    #####: 1259:            return 1;
        -: 1260:        }
        -: 1261:
        -: 1262:        //no second treasure_map found in hand
    #####: 1263:        return -1;
        -: 1264:    }
        -: 1265:
    #####: 1266:    return -1;
        -: 1267:}
        -: 1268:
        3: 1269:int discardCard(int handPos, int currentPlayer, struct gameState *state, int trashFlag)
        -: 1270:{
        -: 1271:
        -: 1272:    //if card is not trashed, added to Played pile
        3: 1273:    if (trashFlag < 1)
        -: 1274:    {
        -: 1275:        //add card to played pile
        1: 1276:        state->playedCards[state->playedCardCount] = state->hand[currentPlayer][handPos];
        1: 1277:        state->playedCardCount++;
        -: 1278:    }
        -: 1279:
        -: 1280:    //set played card to -1
        3: 1281:    state->hand[currentPlayer][handPos] = -1;
        -: 1282:
        -: 1283:    //remove card from player's hand
        3: 1284:    if ( handPos == (state->handCount[currentPlayer] - 1) ) 	//last card in hand array is played
        -: 1285:    {
        -: 1286:        //reduce number of cards in hand
    #####: 1287:        state->handCount[currentPlayer]--;
        -: 1288:    }
        3: 1289:    else if ( state->handCount[currentPlayer] == 1 ) //only one card in hand
        -: 1290:    {
        -: 1291:        //reduce number of cards in hand
    #####: 1292:        state->handCount[currentPlayer]--;
        -: 1293:    }
        -: 1294:    else
        -: 1295:    {
        -: 1296:        //replace discarded card with last card in hand
        3: 1297:        state->hand[currentPlayer][handPos] = state->hand[currentPlayer][ (state->handCount[currentPlayer] - 1)];
        -: 1298:        //set last card to -1
        3: 1299:        state->hand[currentPlayer][state->handCount[currentPlayer] - 1] = -1;
        -: 1300:        //reduce number of cards in hand
        3: 1301:        state->handCount[currentPlayer]--;
        -: 1302:    }
        -: 1303:
        3: 1304:    return 0;
        -: 1305:}
        -: 1306:
        2: 1307:int gainCard(int supplyPos, struct gameState *state, int toFlag, int player)
        -: 1308:{
        -: 1309:    //Note: supplyPos is enum of choosen card
        -: 1310:
        -: 1311:    //check if supply pile is empty (0) or card is not used in game (-1)
        2: 1312:    if ( supplyCount(supplyPos, state) < 1 )
        -: 1313:    {
    #####: 1314:        return -1;
        -: 1315:    }
        -: 1316:
        -: 1317:    //added card for [whoseTurn] current player:
        -: 1318:    // toFlag = 0 : add to discard
        -: 1319:    // toFlag = 1 : add to deck
        -: 1320:    // toFlag = 2 : add to hand
        -: 1321:
        2: 1322:    if (toFlag == 1)
        -: 1323:    {
    #####: 1324:        state->deck[ player ][ state->deckCount[player] ] = supplyPos;
    #####: 1325:        state->deckCount[player]++;
        -: 1326:    }
        2: 1327:    else if (toFlag == 2)
        -: 1328:    {
        2: 1329:        state->hand[ player ][ state->handCount[player] ] = supplyPos;
        2: 1330:        state->handCount[player]++;
        -: 1331:    }
        -: 1332:    else
        -: 1333:    {
    #####: 1334:        state->discard[player][ state->discardCount[player] ] = supplyPos;
    #####: 1335:        state->discardCount[player]++;
        -: 1336:    }
        -: 1337:
        -: 1338:    //decrease number in supply pile
        2: 1339:    state->supplyCount[supplyPos]--;
        -: 1340:
        2: 1341:    return 0;
        -: 1342:}
        -: 1343:
        1: 1344:int updateCoins(int player, struct gameState *state, int bonus)
        -: 1345:{
        -: 1346:    int i;
        -: 1347:
        -: 1348:    //reset coin count
        1: 1349:    state->coins = 0;
        -: 1350:
        -: 1351:    //add coins for each Treasure card in player's hand
        6: 1352:    for (i = 0; i < state->handCount[player]; i++)
        -: 1353:    {
        5: 1354:        if (state->hand[player][i] == copper)
        -: 1355:        {
        4: 1356:            state->coins += 1;
        -: 1357:        }
        1: 1358:        else if (state->hand[player][i] == silver)
        -: 1359:        {
    #####: 1360:            state->coins += 2;
        -: 1361:        }
        1: 1362:        else if (state->hand[player][i] == gold)
        -: 1363:        {
    #####: 1364:            state->coins += 3;
        -: 1365:        }
        -: 1366:    }
        -: 1367:
        -: 1368:    //add bonus
        1: 1369:    state->coins += bonus;
        -: 1370:
        1: 1371:    return 0;
        -: 1372:}
        -: 1373:
        -: 1374:
        -: 1375://end of dominion.c
        -: 1376:
