        -:    0:Source:dominion.c
        -:    0:Graph:dominion.gcno
        -:    0:Data:dominion.gcda
        -:    0:Runs:8
        -:    0:Programs:8
        -:    1:#include "dominion.h"
        -:    2:#include "dominion_helpers.h"
        -:    3:#include "rngs.h"
        -:    4:#include <stdio.h>
        -:    5:#include <math.h>
        -:    6:#include <stdlib.h>
        -:    7:
        -:    8:
        -:    9:int baronCard(int currentPlayer, int choice1, int choice2, int choice3, struct gameState *state);
        -:   10:int ambassadorCard(int currentPlayer, int choice1, int choice2, int choice3, int handPos, struct gameState *state);
        -:   11:
        -:   12:int minionCard(int currentPlayer, int choice1, int choice2, int choice3, struct gameState *state, int handPos);
        -:   13:
        -:   14:
        -:   15:
function compare called 30180 returned 100% blocks executed 83%
    30180:   16:int compare(const void* a, const void* b) {
    30180:   17:    if (*(int*)a > *(int*)b)
branch  0 taken 0% (fallthrough)
branch  1 taken 100%
    #####:   18:        return 1;
    30180:   19:    if (*(int*)a < *(int*)b)
branch  0 taken 27% (fallthrough)
branch  1 taken 73%
     8048:   20:        return -1;
    22132:   21:    return 0;
        -:   22:}
        -:   23:
function newGame called 0 returned 0% blocks executed 0%
    #####:   24:struct gameState* newGame() {
    #####:   25:    struct gameState* g = malloc(sizeof(struct gameState));
    #####:   26:    return g;
        -:   27:}
        -:   28:
function kingdomCards called 0 returned 0% blocks executed 0%
    #####:   29:int* kingdomCards(int k1, int k2, int k3, int k4, int k5, int k6, int k7,
        -:   30:                  int k8, int k9, int k10) {
    #####:   31:    int* k = malloc(10 * sizeof(int));
    #####:   32:    k[0] = k1;
    #####:   33:    k[1] = k2;
    #####:   34:    k[2] = k3;
    #####:   35:    k[3] = k4;
    #####:   36:    k[4] = k5;
    #####:   37:    k[5] = k6;
    #####:   38:    k[6] = k7;
    #####:   39:    k[7] = k8;
    #####:   40:    k[8] = k9;
    #####:   41:    k[9] = k10;
    #####:   42:    return k;
        -:   43:}
        -:   44:
function initializeGame called 3010 returned 100% blocks executed 89%
     3010:   45:int initializeGame(int numPlayers, int kingdomCards[10], int randomSeed,
        -:   46:                   struct gameState *state) {
        -:   47:    int i;
        -:   48:    int j;
        -:   49:    int it;
        -:   50:
        -:   51:    //set up random number generator
     3010:   52:    SelectStream(1);
call    0 returned 100%
     3010:   53:    PutSeed((long)randomSeed);
call    0 returned 100%
        -:   54:
        -:   55:    //check number of players
     3010:   56:    if (numPlayers > MAX_PLAYERS || numPlayers < 2)
branch  0 taken 100% (fallthrough)
branch  1 taken 0%
branch  2 taken 0% (fallthrough)
branch  3 taken 100%
        -:   57:    {
    #####:   58:        return -1;
        -:   59:    }
        -:   60:
        -:   61:    //set number of players
     3010:   62:    state->numPlayers = numPlayers;
        -:   63:
        -:   64:    //check selected kingdom cards are different
    13076:   65:    for (i = 0; i < 10; i++)
branch  0 taken 92%
branch  1 taken 8% (fallthrough)
        -:   66:    {
   116744:   67:        for (j = 0; j < 10; j++)
branch  0 taken 91%
branch  1 taken 9% (fallthrough)
        -:   68:        {
   106678:   69:            if (j != i && kingdomCards[j] == kingdomCards[i])
branch  0 taken 89% (fallthrough)
branch  1 taken 11%
branch  2 taken 2% (fallthrough)
branch  3 taken 98%
        -:   70:            {
     2004:   71:                return -1;
        -:   72:            }
        -:   73:        }
        -:   74:    }
        -:   75:
        -:   76:
        -:   77:    //initialize supply
        -:   78:    ///////////////////////////////
        -:   79:
        -:   80:    //set number of Curse cards
     1006:   81:    if (numPlayers == 2)
branch  0 taken 100% (fallthrough)
branch  1 taken 0%
        -:   82:    {
     1006:   83:        state->supplyCount[curse] = 10;
        -:   84:    }
    #####:   85:    else if (numPlayers == 3)
branch  0 never executed
branch  1 never executed
        -:   86:    {
    #####:   87:        state->supplyCount[curse] = 20;
        -:   88:    }
        -:   89:    else
        -:   90:    {
    #####:   91:        state->supplyCount[curse] = 30;
        -:   92:    }
        -:   93:
        -:   94:    //set number of Victory cards
     1006:   95:    if (numPlayers == 2)
branch  0 taken 100% (fallthrough)
branch  1 taken 0%
        -:   96:    {
     1006:   97:        state->supplyCount[estate] = 8;
     1006:   98:        state->supplyCount[duchy] = 8;
     1006:   99:        state->supplyCount[province] = 8;
        -:  100:    }
        -:  101:    else
        -:  102:    {
    #####:  103:        state->supplyCount[estate] = 12;
    #####:  104:        state->supplyCount[duchy] = 12;
    #####:  105:        state->supplyCount[province] = 12;
        -:  106:    }
        -:  107:
        -:  108:    //set number of Treasure cards
     1006:  109:    state->supplyCount[copper] = 60 - (7 * numPlayers);
     1006:  110:    state->supplyCount[silver] = 40;
     1006:  111:    state->supplyCount[gold] = 30;
        -:  112:
        -:  113:    //set number of Kingdom cards
    21126:  114:    for (i = adventurer; i <= treasure_map; i++)       	//loop all cards
branch  0 taken 95%
branch  1 taken 5% (fallthrough)
        -:  115:    {
   165990:  116:        for (j = 0; j < 10; j++)           		//loop chosen cards
branch  0 taken 94%
branch  1 taken 6% (fallthrough)
        -:  117:        {
   155930:  118:            if (kingdomCards[j] == i)
branch  0 taken 6% (fallthrough)
branch  1 taken 94%
        -:  119:            {
        -:  120:                //check if card is a 'Victory' Kingdom card
    10060:  121:                if (kingdomCards[j] == great_hall || kingdomCards[j] == gardens)
branch  0 taken 90% (fallthrough)
branch  1 taken 10%
branch  2 taken 1% (fallthrough)
branch  3 taken 99%
        -:  122:                {
     2016:  123:                    if (numPlayers == 2) {
branch  0 taken 100% (fallthrough)
branch  1 taken 0%
     1008:  124:                        state->supplyCount[i] = 8;
        -:  125:                    }
        -:  126:                    else {
    #####:  127:                        state->supplyCount[i] = 12;
        -:  128:                    }
        -:  129:                }
        -:  130:                else
        -:  131:                {
     9052:  132:                    state->supplyCount[i] = 10;
        -:  133:                }
    10060:  134:                break;
        -:  135:            }
        -:  136:            else    //card is not in the set choosen for the game
        -:  137:            {
   145870:  138:                state->supplyCount[i] = -1;
        -:  139:            }
        -:  140:        }
        -:  141:
        -:  142:    }
        -:  143:
        -:  144:    ////////////////////////
        -:  145:    //supply intilization complete
        -:  146:
        -:  147:    //set player decks
     3018:  148:    for (i = 0; i < numPlayers; i++)
branch  0 taken 67%
branch  1 taken 33% (fallthrough)
        -:  149:    {
     2012:  150:        state->deckCount[i] = 0;
     8048:  151:        for (j = 0; j < 3; j++)
branch  0 taken 75%
branch  1 taken 25% (fallthrough)
        -:  152:        {
     6036:  153:            state->deck[i][j] = estate;
     6036:  154:            state->deckCount[i]++;
        -:  155:        }
    16096:  156:        for (j = 3; j < 10; j++)
branch  0 taken 88%
branch  1 taken 13% (fallthrough)
        -:  157:        {
    14084:  158:            state->deck[i][j] = copper;
    14084:  159:            state->deckCount[i]++;
        -:  160:        }
        -:  161:    }
        -:  162:
        -:  163:    //shuffle player decks
     3018:  164:    for (i = 0; i < numPlayers; i++)
branch  0 taken 67%
branch  1 taken 33% (fallthrough)
        -:  165:    {
     2012:  166:        if ( shuffle(i, state) < 0 )
call    0 returned 100%
branch  1 taken 0% (fallthrough)
branch  2 taken 100%
        -:  167:        {
    #####:  168:            return -1;
        -:  169:        }
        -:  170:    }
        -:  171:
        -:  172:    //draw player hands
     3018:  173:    for (i = 0; i < numPlayers; i++)
branch  0 taken 67%
branch  1 taken 33% (fallthrough)
        -:  174:    {
        -:  175:        //initialize hand size to zero
     2012:  176:        state->handCount[i] = 0;
     2012:  177:        state->discardCount[i] = 0;
        -:  178:        //draw 5 cards
        -:  179:        // for (j = 0; j < 5; j++)
        -:  180:        //	{
        -:  181:        //	  drawCard(i, state);
        -:  182:        //	}
        -:  183:    }
        -:  184:
        -:  185:    //set embargo tokens to 0 for all supply piles
    28168:  186:    for (i = 0; i <= treasure_map; i++)
branch  0 taken 96%
branch  1 taken 4% (fallthrough)
        -:  187:    {
    27162:  188:        state->embargoTokens[i] = 0;
        -:  189:    }
        -:  190:
        -:  191:    //initialize first player's turn
     1006:  192:    state->outpostPlayed = 0;
     1006:  193:    state->phase = 0;
     1006:  194:    state->numActions = 1;
     1006:  195:    state->numBuys = 1;
     1006:  196:    state->playedCardCount = 0;
     1006:  197:    state->whoseTurn = 0;
     1006:  198:    state->handCount[state->whoseTurn] = 0;
        -:  199:    //int it; move to top
        -:  200:
        -:  201:    //Moved draw cards to here, only drawing at the start of a turn
     6036:  202:    for (it = 0; it < 5; it++) {
branch  0 taken 83%
branch  1 taken 17% (fallthrough)
     5030:  203:        drawCard(state->whoseTurn, state);
call    0 returned 100%
        -:  204:    }
        -:  205:
     1006:  206:    updateCoins(state->whoseTurn, state, 0);
call    0 returned 100%
        -:  207:
     1006:  208:    return 0;
        -:  209:}
        -:  210:
function shuffle called 3012 returned 100% blocks executed 94%
     3012:  211:int shuffle(int player, struct gameState *state) {
        -:  212:
        -:  213:
        -:  214:    int newDeck[MAX_DECK];
     3012:  215:    int newDeckPos = 0;
        -:  216:    int card;
        -:  217:    int i;
        -:  218:
     3012:  219:    if (state->deckCount[player] < 1)
branch  0 taken 0% (fallthrough)
branch  1 taken 100%
    #####:  220:        return -1;
     3012:  221:    qsort ((void*)(state->deck[player]), state->deckCount[player], sizeof(int), compare);
call    0 returned 100%
        -:  222:    /* SORT CARDS IN DECK TO ENSURE DETERMINISM! */
        -:  223:
    27144:  224:    while (state->deckCount[player] > 0) {
branch  0 taken 88%
branch  1 taken 12% (fallthrough)
    21120:  225:        card = floor(Random() * state->deckCount[player]);
call    0 returned 100%
    21120:  226:        newDeck[newDeckPos] = state->deck[player][card];
    21120:  227:        newDeckPos++;
    71420:  228:        for (i = card; i < state->deckCount[player]-1; i++) {
branch  0 taken 70%
branch  1 taken 30% (fallthrough)
    50300:  229:            state->deck[player][i] = state->deck[player][i+1];
        -:  230:        }
    21120:  231:        state->deckCount[player]--;
        -:  232:    }
    24132:  233:    for (i = 0; i < newDeckPos; i++) {
branch  0 taken 88%
branch  1 taken 12% (fallthrough)
    21120:  234:        state->deck[player][i] = newDeck[i];
    21120:  235:        state->deckCount[player]++;
        -:  236:    }
        -:  237:
     3012:  238:    return 0;
        -:  239:}
        -:  240:
function playCard called 0 returned 0% blocks executed 0%
    #####:  241:int playCard(int handPos, int choice1, int choice2, int choice3, struct gameState *state)
        -:  242:{
        -:  243:    int card;
    #####:  244:    int coin_bonus = 0; 		//tracks coins gain from actions
        -:  245:
        -:  246:    //check if it is the right phase
    #####:  247:    if (state->phase != 0)
branch  0 never executed
branch  1 never executed
        -:  248:    {
    #####:  249:        return -1;
        -:  250:    }
        -:  251:
        -:  252:    //check if player has enough actions
    #####:  253:    if ( state->numActions < 1 )
branch  0 never executed
branch  1 never executed
        -:  254:    {
    #####:  255:        return -1;
        -:  256:    }
        -:  257:
        -:  258:    //get card played
    #####:  259:    card = handCard(handPos, state);
call    0 never executed
        -:  260:
        -:  261:    //check if selected card is an action
    #####:  262:    if ( card < adventurer || card > treasure_map )
branch  0 never executed
branch  1 never executed
branch  2 never executed
branch  3 never executed
        -:  263:    {
    #####:  264:        return -1;
        -:  265:    }
        -:  266:
        -:  267:    //play card
    #####:  268:    if ( cardEffect(card, choice1, choice2, choice3, state, handPos, &coin_bonus) < 0 )
call    0 never executed
branch  1 never executed
branch  2 never executed
        -:  269:    {
    #####:  270:        return -1;
        -:  271:    }
        -:  272:
        -:  273:    //reduce number of actions
    #####:  274:    state->numActions--;
        -:  275:
        -:  276:    //update coins (Treasure cards may be added with card draws)
    #####:  277:    updateCoins(state->whoseTurn, state, coin_bonus);
call    0 never executed
        -:  278:
    #####:  279:    return 0;
        -:  280:}
        -:  281:
function buyCard called 0 returned 0% blocks executed 0%
    #####:  282:int buyCard(int supplyPos, struct gameState *state) {
        -:  283:    int who;
        -:  284:    if (DEBUG) {
        -:  285:        printf("Entering buyCard...\n");
        -:  286:    }
        -:  287:
        -:  288:    // I don't know what to do about the phase thing.
        -:  289:
    #####:  290:    who = state->whoseTurn;
        -:  291:
    #####:  292:    if (state->numBuys < 1) {
branch  0 never executed
branch  1 never executed
        -:  293:        if (DEBUG)
        -:  294:            printf("You do not have any buys left\n");
    #####:  295:        return -1;
    #####:  296:    } else if (supplyCount(supplyPos, state) <1) {
call    0 never executed
branch  1 never executed
branch  2 never executed
        -:  297:        if (DEBUG)
        -:  298:            printf("There are not any of that type of card left\n");
    #####:  299:        return -1;
    #####:  300:    } else if (state->coins < getCost(supplyPos)) {
call    0 never executed
branch  1 never executed
branch  2 never executed
        -:  301:        if (DEBUG)
        -:  302:            printf("You do not have enough money to buy that. You have %d coins.\n", state->coins);
    #####:  303:        return -1;
        -:  304:    } else {
    #####:  305:        state->phase=1;
        -:  306:        //state->supplyCount[supplyPos]--;
    #####:  307:        gainCard(supplyPos, state, 0, who); //card goes in discard, this might be wrong.. (2 means goes into hand, 0 goes into discard)
call    0 never executed
        -:  308:
    #####:  309:        state->coins = (state->coins) - (getCost(supplyPos));
call    0 never executed
    #####:  310:        state->numBuys--;
        -:  311:        if (DEBUG)
        -:  312:            printf("You bought card number %d for %d coins. You now have %d buys and %d coins.\n", supplyPos, getCost(supplyPos), state->numBuys, state->coins);
        -:  313:    }
        -:  314:
        -:  315:    //state->discard[who][state->discardCount[who]] = supplyPos;
        -:  316:    //state->discardCount[who]++;
        -:  317:
    #####:  318:    return 0;
        -:  319:}
        -:  320:
function numHandCards called 229 returned 100% blocks executed 100%
      229:  321:int numHandCards(struct gameState *state) {
      229:  322:    return state->handCount[ whoseTurn(state) ];
call    0 returned 100%
        -:  323:}
        -:  324:
function handCard called 0 returned 0% blocks executed 0%
    #####:  325:int handCard(int handPos, struct gameState *state) {
    #####:  326:    int currentPlayer = whoseTurn(state);
call    0 never executed
    #####:  327:    return state->hand[currentPlayer][handPos];
        -:  328:}
        -:  329:
function supplyCount called 3004 returned 100% blocks executed 100%
     3004:  330:int supplyCount(int card, struct gameState *state) {
     3004:  331:    return state->supplyCount[card];
        -:  332:}
        -:  333:
function fullDeckCount called 0 returned 0% blocks executed 0%
    #####:  334:int fullDeckCount(int player, int card, struct gameState *state) {
        -:  335:    int i;
    #####:  336:    int count = 0;
        -:  337:
    #####:  338:    for (i = 0; i < state->deckCount[player]; i++)
branch  0 never executed
branch  1 never executed
        -:  339:    {
    #####:  340:        if (state->deck[player][i] == card) count++;
branch  0 never executed
branch  1 never executed
        -:  341:    }
        -:  342:
    #####:  343:    for (i = 0; i < state->handCount[player]; i++)
branch  0 never executed
branch  1 never executed
        -:  344:    {
    #####:  345:        if (state->hand[player][i] == card) count++;
branch  0 never executed
branch  1 never executed
        -:  346:    }
        -:  347:
    #####:  348:    for (i = 0; i < state->discardCount[player]; i++)
branch  0 never executed
branch  1 never executed
        -:  349:    {
    #####:  350:        if (state->discard[player][i] == card) count++;
branch  0 never executed
branch  1 never executed
        -:  351:    }
        -:  352:
    #####:  353:    return count;
        -:  354:}
        -:  355:
function whoseTurn called 229 returned 100% blocks executed 100%
      229:  356:int whoseTurn(struct gameState *state) {
      229:  357:    return state->whoseTurn;
        -:  358:}
        -:  359:
function endTurn called 0 returned 0% blocks executed 0%
    #####:  360:int endTurn(struct gameState *state) {
        -:  361:    int k;
        -:  362:    int i;
    #####:  363:    int currentPlayer = whoseTurn(state);
call    0 never executed
        -:  364:
        -:  365:    //Discard hand
    #####:  366:    for (i = 0; i < state->handCount[currentPlayer]; i++) {
branch  0 never executed
branch  1 never executed
    #####:  367:        state->discard[currentPlayer][state->discardCount[currentPlayer]++] = state->hand[currentPlayer][i];//Discard
    #####:  368:        state->hand[currentPlayer][i] = -1;//Set card to -1
        -:  369:    }
    #####:  370:    state->handCount[currentPlayer] = 0;//Reset hand count
        -:  371:
        -:  372:    //Code for determining the player
    #####:  373:    if (currentPlayer < (state->numPlayers - 1)) {
branch  0 never executed
branch  1 never executed
    #####:  374:        state->whoseTurn = currentPlayer + 1;//Still safe to increment
        -:  375:    }
        -:  376:    else {
    #####:  377:        state->whoseTurn = 0;//Max player has been reached, loop back around to player 1
        -:  378:    }
        -:  379:
    #####:  380:    state->outpostPlayed = 0;
    #####:  381:    state->phase = 0;
    #####:  382:    state->numActions = 1;
    #####:  383:    state->coins = 0;
    #####:  384:    state->numBuys = 1;
    #####:  385:    state->playedCardCount = 0;
    #####:  386:    state->handCount[state->whoseTurn] = 0;
        -:  387:
        -:  388:    //int k; move to top
        -:  389:    //Next player draws hand
    #####:  390:    for (k = 0; k < 5; k++) {
branch  0 never executed
branch  1 never executed
    #####:  391:        drawCard(state->whoseTurn, state);//Draw a card
call    0 never executed
        -:  392:    }
        -:  393:
        -:  394:    //Update money
    #####:  395:    updateCoins(state->whoseTurn, state, 0);
call    0 never executed
        -:  396:
    #####:  397:    return 0;
        -:  398:}
        -:  399:
function isGameOver called 0 returned 0% blocks executed 0%
    #####:  400:int isGameOver(struct gameState *state) {
        -:  401:    int i;
        -:  402:    int j;
        -:  403:
        -:  404:    //if stack of Province cards is empty, the game ends
    #####:  405:    if (state->supplyCount[province] == 0)
branch  0 never executed
branch  1 never executed
        -:  406:    {
    #####:  407:        return 1;
        -:  408:    }
        -:  409:
        -:  410:    //if three supply pile are at 0, the game ends
    #####:  411:    j = 0;
    #####:  412:    for (i = 0; i < 25; i++)
branch  0 never executed
branch  1 never executed
        -:  413:    {
    #####:  414:        if (state->supplyCount[i] == 0)
branch  0 never executed
branch  1 never executed
        -:  415:        {
    #####:  416:            j++;
        -:  417:        }
        -:  418:    }
    #####:  419:    if ( j >= 3)
branch  0 never executed
branch  1 never executed
        -:  420:    {
    #####:  421:        return 1;
        -:  422:    }
        -:  423:
    #####:  424:    return 0;
        -:  425:}
        -:  426:
function scoreFor called 0 returned 0% blocks executed 0%
    #####:  427:int scoreFor (int player, struct gameState *state) {
        -:  428:
        -:  429:    int i;
    #####:  430:    int score = 0;
        -:  431:    //score from hand
    #####:  432:    for (i = 0; i < state->handCount[player]; i++)
branch  0 never executed
branch  1 never executed
        -:  433:    {
    #####:  434:        if (state->hand[player][i] == curse) {
branch  0 never executed
branch  1 never executed
    #####:  435:            score = score - 1;
        -:  436:        };
    #####:  437:        if (state->hand[player][i] == estate) {
branch  0 never executed
branch  1 never executed
    #####:  438:            score = score + 1;
        -:  439:        };
    #####:  440:        if (state->hand[player][i] == duchy) {
branch  0 never executed
branch  1 never executed
    #####:  441:            score = score + 3;
        -:  442:        };
    #####:  443:        if (state->hand[player][i] == province) {
branch  0 never executed
branch  1 never executed
    #####:  444:            score = score + 6;
        -:  445:        };
    #####:  446:        if (state->hand[player][i] == great_hall) {
branch  0 never executed
branch  1 never executed
    #####:  447:            score = score + 1;
        -:  448:        };
    #####:  449:        if (state->hand[player][i] == gardens) {
branch  0 never executed
branch  1 never executed
    #####:  450:            score = score + ( fullDeckCount(player, 0, state) / 10 );
call    0 never executed
        -:  451:        };
        -:  452:    }
        -:  453:
        -:  454:    //score from discard
    #####:  455:    for (i = 0; i < state->discardCount[player]; i++)
branch  0 never executed
branch  1 never executed
        -:  456:    {
    #####:  457:        if (state->discard[player][i] == curse) {
branch  0 never executed
branch  1 never executed
    #####:  458:            score = score - 1;
        -:  459:        };
    #####:  460:        if (state->discard[player][i] == estate) {
branch  0 never executed
branch  1 never executed
    #####:  461:            score = score + 1;
        -:  462:        };
    #####:  463:        if (state->discard[player][i] == duchy) {
branch  0 never executed
branch  1 never executed
    #####:  464:            score = score + 3;
        -:  465:        };
    #####:  466:        if (state->discard[player][i] == province) {
branch  0 never executed
branch  1 never executed
    #####:  467:            score = score + 6;
        -:  468:        };
    #####:  469:        if (state->discard[player][i] == great_hall) {
branch  0 never executed
branch  1 never executed
    #####:  470:            score = score + 1;
        -:  471:        };
    #####:  472:        if (state->discard[player][i] == gardens) {
branch  0 never executed
branch  1 never executed
    #####:  473:            score = score + ( fullDeckCount(player, 0, state) / 10 );
call    0 never executed
        -:  474:        };
        -:  475:    }
        -:  476:
        -:  477:    //score from deck
    #####:  478:    for (i = 0; i < state->discardCount[player]; i++)
branch  0 never executed
branch  1 never executed
        -:  479:    {
    #####:  480:        if (state->deck[player][i] == curse) {
branch  0 never executed
branch  1 never executed
    #####:  481:            score = score - 1;
        -:  482:        };
    #####:  483:        if (state->deck[player][i] == estate) {
branch  0 never executed
branch  1 never executed
    #####:  484:            score = score + 1;
        -:  485:        };
    #####:  486:        if (state->deck[player][i] == duchy) {
branch  0 never executed
branch  1 never executed
    #####:  487:            score = score + 3;
        -:  488:        };
    #####:  489:        if (state->deck[player][i] == province) {
branch  0 never executed
branch  1 never executed
    #####:  490:            score = score + 6;
        -:  491:        };
    #####:  492:        if (state->deck[player][i] == great_hall) {
branch  0 never executed
branch  1 never executed
    #####:  493:            score = score + 1;
        -:  494:        };
    #####:  495:        if (state->deck[player][i] == gardens) {
branch  0 never executed
branch  1 never executed
    #####:  496:            score = score + ( fullDeckCount(player, 0, state) / 10 );
call    0 never executed
        -:  497:        };
        -:  498:    }
        -:  499:
    #####:  500:    return score;
        -:  501:}
        -:  502:
function getWinners called 0 returned 0% blocks executed 0%
    #####:  503:int getWinners(int players[MAX_PLAYERS], struct gameState *state) {
        -:  504:    int i;
        -:  505:    int j;
        -:  506:    int highScore;
        -:  507:    int currentPlayer;
        -:  508:
        -:  509:    //get score for each player
    #####:  510:    for (i = 0; i < MAX_PLAYERS; i++)
branch  0 never executed
branch  1 never executed
        -:  511:    {
        -:  512:        //set unused player scores to -9999
    #####:  513:        if (i >= state->numPlayers)
branch  0 never executed
branch  1 never executed
        -:  514:        {
    #####:  515:            players[i] = -9999;
        -:  516:        }
        -:  517:        else
        -:  518:        {
    #####:  519:            players[i] = scoreFor (i, state);
call    0 never executed
        -:  520:        }
        -:  521:    }
        -:  522:
        -:  523:    //find highest score
    #####:  524:    j = 0;
    #####:  525:    for (i = 0; i < MAX_PLAYERS; i++)
branch  0 never executed
branch  1 never executed
        -:  526:    {
    #####:  527:        if (players[i] > players[j])
branch  0 never executed
branch  1 never executed
        -:  528:        {
    #####:  529:            j = i;
        -:  530:        }
        -:  531:    }
    #####:  532:    highScore = players[j];
        -:  533:
        -:  534:    //add 1 to players who had less turns
    #####:  535:    currentPlayer = whoseTurn(state);
call    0 never executed
    #####:  536:    for (i = 0; i < MAX_PLAYERS; i++)
branch  0 never executed
branch  1 never executed
        -:  537:    {
    #####:  538:        if ( players[i] == highScore && i > currentPlayer )
branch  0 never executed
branch  1 never executed
branch  2 never executed
branch  3 never executed
        -:  539:        {
    #####:  540:            players[i]++;
        -:  541:        }
        -:  542:    }
        -:  543:
        -:  544:    //find new highest score
    #####:  545:    j = 0;
    #####:  546:    for (i = 0; i < MAX_PLAYERS; i++)
branch  0 never executed
branch  1 never executed
        -:  547:    {
    #####:  548:        if ( players[i] > players[j] )
branch  0 never executed
branch  1 never executed
        -:  549:        {
    #####:  550:            j = i;
        -:  551:        }
        -:  552:    }
    #####:  553:    highScore = players[j];
        -:  554:
        -:  555:    //set winners in array to 1 and rest to 0
    #####:  556:    for (i = 0; i < MAX_PLAYERS; i++)
branch  0 never executed
branch  1 never executed
        -:  557:    {
    #####:  558:        if ( players[i] == highScore )
branch  0 never executed
branch  1 never executed
        -:  559:        {
    #####:  560:            players[i] = 1;
        -:  561:        }
        -:  562:        else
        -:  563:        {
    #####:  564:            players[i] = 0;
        -:  565:        }
        -:  566:    }
        -:  567:
    #####:  568:    return 0;
        -:  569:}
        -:  570:
function drawCard called 6834 returned 100% blocks executed 38%
     6834:  571:int drawCard(int player, struct gameState *state)
        -:  572:{   int count;
        -:  573:    int deckCounter;
     6834:  574:    if (state->deckCount[player] <= 0) { //Deck is empty
branch  0 taken 0% (fallthrough)
branch  1 taken 100%
        -:  575:
        -:  576:        //Step 1 Shuffle the discard pile back into a deck
        -:  577:        int i;
        -:  578:        //Move discard to deck
    #####:  579:        for (i = 0; i < state->discardCount[player]; i++) {
branch  0 never executed
branch  1 never executed
    #####:  580:            state->deck[player][i] = state->discard[player][i];
    #####:  581:            state->discard[player][i] = -1;
        -:  582:        }
        -:  583:
    #####:  584:        state->deckCount[player] = state->discardCount[player];
    #####:  585:        state->discardCount[player] = 0;//Reset discard
        -:  586:
        -:  587:        //Shufffle the deck
    #####:  588:        shuffle(player, state);//Shuffle the deck up and make it so that we can draw
call    0 never executed
        -:  589:
        -:  590:        if (DEBUG) { //Debug statements
        -:  591:            printf("Deck count now: %d\n", state->deckCount[player]);
        -:  592:        }
        -:  593:
    #####:  594:        state->discardCount[player] = 0;
        -:  595:
        -:  596:        //Step 2 Draw Card
    #####:  597:        count = state->handCount[player];//Get current player's hand count
        -:  598:
        -:  599:        if (DEBUG) { //Debug statements
        -:  600:            printf("Current hand count: %d\n", count);
        -:  601:        }
        -:  602:
    #####:  603:        deckCounter = state->deckCount[player];//Create a holder for the deck count
        -:  604:
    #####:  605:        if (deckCounter == 0)
branch  0 never executed
branch  1 never executed
    #####:  606:            return -1;
        -:  607:
    #####:  608:        state->hand[player][count] = state->deck[player][deckCounter - 1];//Add card to hand
    #####:  609:        state->deckCount[player]--;
    #####:  610:        state->handCount[player]++;//Increment hand count
        -:  611:    }
        -:  612:
        -:  613:    else {
     6834:  614:        int count = state->handCount[player];//Get current hand count for player
        -:  615:        int deckCounter;
        -:  616:        if (DEBUG) { //Debug statements
        -:  617:            printf("Current hand count: %d\n", count);
        -:  618:        }
        -:  619:
     6834:  620:        deckCounter = state->deckCount[player];//Create holder for the deck count
     6834:  621:        state->hand[player][count] = state->deck[player][deckCounter - 1];//Add card to the hand
     6834:  622:        state->deckCount[player]--;
     6834:  623:        state->handCount[player]++;//Increment hand count
        -:  624:    }
        -:  625:
     6834:  626:    return 0;
        -:  627:}
        -:  628:
function getCost called 6 returned 100% blocks executed 23%
        6:  629:int getCost(int cardNumber)
        -:  630:{
        6:  631:    switch( cardNumber )
branch  0 taken 0%
branch  1 taken 33%
branch  2 taken 0%
branch  3 taken 0%
branch  4 taken 17%
branch  5 taken 0%
branch  6 taken 0%
branch  7 taken 0%
branch  8 taken 0%
branch  9 taken 0%
branch 10 taken 0%
branch 11 taken 0%
branch 12 taken 0%
branch 13 taken 0%
branch 14 taken 0%
branch 15 taken 17%
branch 16 taken 0%
branch 17 taken 0%
branch 18 taken 0%
branch 19 taken 0%
branch 20 taken 0%
branch 21 taken 0%
branch 22 taken 0%
branch 23 taken 0%
branch 24 taken 0%
branch 25 taken 0%
branch 26 taken 17%
branch 27 taken 17%
        -:  632:    {
        -:  633:    case curse:
    #####:  634:        return 0;
        -:  635:    case estate:
        2:  636:        return 2;
        -:  637:    case duchy:
    #####:  638:        return 5;
        -:  639:    case province:
    #####:  640:        return 8;
        -:  641:    case copper:
        1:  642:        return 0;
        -:  643:    case silver:
    #####:  644:        return 3;
        -:  645:    case gold:
    #####:  646:        return 6;
        -:  647:    case adventurer:
    #####:  648:        return 6;
        -:  649:    case council_room:
    #####:  650:        return 5;
        -:  651:    case feast:
    #####:  652:        return 4;
        -:  653:    case gardens:
    #####:  654:        return 4;
        -:  655:    case mine:
    #####:  656:        return 5;
        -:  657:    case remodel:
    #####:  658:        return 4;
        -:  659:    case smithy:
    #####:  660:        return 4;
        -:  661:    case village:
    #####:  662:        return 3;
        -:  663:    case baron:
        1:  664:        return 4;
        -:  665:    case great_hall:
    #####:  666:        return 3;
        -:  667:    case minion:
    #####:  668:        return 5;
        -:  669:    case steward:
    #####:  670:        return 3;
        -:  671:    case tribute:
    #####:  672:        return 5;
        -:  673:    case ambassador:
    #####:  674:        return 3;
        -:  675:    case cutpurse:
    #####:  676:        return 4;
        -:  677:    case embargo:
    #####:  678:        return 2;
        -:  679:    case outpost:
    #####:  680:        return 5;
        -:  681:    case salvager:
    #####:  682:        return 4;
        -:  683:    case sea_hag:
    #####:  684:        return 4;
        -:  685:    case treasure_map:
        1:  686:        return 4;
        -:  687:    }
        -:  688:
        1:  689:    return -1;
        -:  690:}
        -:  691:
function minionCard called 1002 returned 100% blocks executed 93%
     1002:  692:int minionCard(int currentPlayer, int choice1, int choice2, int choice3, struct gameState *state, int handPos) {
        -:  693:	//+1 action
     1002:  694:	state->numActions++;
        -:  695:	int i;
        -:  696:	int j;
        -:  697:	//discard card from hand
     1002:  698:	discardCard(handPos, currentPlayer, state,1 );
call    0 returned 100%
        -:  699:
     1002:  700:	if (choice1)
branch  0 taken 52% (fallthrough)
branch  1 taken 48%
        -:  701:	{
      525:  702:		state->coins = state->coins + 2;
        -:  703:	}
      477:  704:	else if (choice2)		//discard hand, redraw 4, other players with 5+ cards discard hand and draw 4
branch  0 taken 48% (fallthrough)
branch  1 taken 52%
        -:  705:	{
        -:  706:		//discard hand
        -:  707:		//added bug here!!!
        -:  708:		//
      227:  709:		i=0;
      454:  710:		while (numHandCards(state) < 0)
call    0 returned 100%
branch  1 taken 0%
branch  2 taken 100% (fallthrough)
        -:  711:		{
    #####:  712:			discardCard(i, currentPlayer, state, 0);
call    0 never executed
    #####:  713:			++i;
        -:  714:		}
        -:  715:
        -:  716:		//draw 4
        -:  717:		//Had to undo this bug it was causing a segfault
     1135:  718:		for (i = 0; i < 4; i++)
branch  0 taken 80%
branch  1 taken 20% (fallthrough)
        -:  719:		{
      908:  720:			drawCard(currentPlayer, state);
call    0 returned 100%
        -:  721:		}
        -:  722:
        -:  723:		//other players discard hand and redraw if hand size > 4
      681:  724:		for (i = 0; i < state->numPlayers; i++)
branch  0 taken 67%
branch  1 taken 33% (fallthrough)
        -:  725:		{
      454:  726:			if (i != currentPlayer)
branch  0 taken 50% (fallthrough)
branch  1 taken 50%
        -:  727:			{
      227:  728:				if (state->handCount[i] > 4)
branch  0 taken 99% (fallthrough)
branch  1 taken 1%
        -:  729:				{
        -:  730:					//discard hand
    53792:  731:					while (state->handCount[i] > 0)
branch  0 taken 99%
branch  1 taken 1% (fallthrough)
        -:  732:					{
    53344:  733:						discardCard(handPos, i, state, 0);
call    0 returned 100%
        -:  734:					}
        -:  735:
        -:  736:					//draw 4
     1120:  737:					for (j = 0; j < 4; j++)
branch  0 taken 80%
branch  1 taken 20% (fallthrough)
        -:  738:					{
      896:  739:						drawCard(i, state);
call    0 returned 100%
        -:  740:					}
        -:  741:				}
        -:  742:			}
        -:  743:		}
        -:  744:
        -:  745:	}
     1002:  746:	return 0;
        -:  747:}
function baronCard called 1002 returned 100% blocks executed 81%
     1002:  748:int baronCard(int currentPlayer, int choice1, int choice2, int choice3, struct gameState *state)
        -:  749:{
     1002:  750:	state->numBuys++;//Increase buys by 1!
     1002:  751:	if (choice1 > 0) { //Boolean true or going to discard an estate
branch  0 taken 99% (fallthrough)
branch  1 taken 1%
     1000:  752:		int p = 0;//Iterator for hand!
     1000:  753:		int card_not_discarded = 1;//Flag for discard set!
    12154:  754:		while (card_not_discarded) {
branch  0 taken 91%
branch  1 taken 9% (fallthrough)
    10154:  755:			if (state->hand[currentPlayer][p] == estate) { //Found an estate card!
branch  0 taken 3% (fallthrough)
branch  1 taken 97%
      315:  756:				state->coins += 4;//Add 4 coins to the amount of coins
      315:  757:				state->discard[currentPlayer][state->discardCount[currentPlayer]] = state->hand[currentPlayer][p];
      315:  758:				state->discardCount[currentPlayer]++;
     2151:  759:				for (; p < state->handCount[currentPlayer]; p++) {
branch  0 taken 85%
branch  1 taken 15% (fallthrough)
     1836:  760:					state->hand[currentPlayer][p] = state->hand[currentPlayer][p + 1];
        -:  761:				}
      315:  762:				state->hand[currentPlayer][state->handCount[currentPlayer]] = -1;
      315:  763:				state->handCount[currentPlayer]--;
        -:  764://BUG HERE
        -:  765:				//card_not_discarded = 0;//Exit the loop
        -:  766:			}
     9839:  767:			else if (p > state->handCount[currentPlayer]) {
branch  0 taken 10% (fallthrough)
branch  1 taken 90%
        -:  768:				if (DEBUG) {
        -:  769:					printf("No estate cards in your hand, invalid choice\n");
        -:  770:					printf("Must gain an estate if there are any\n");
        -:  771:				}
        -:  772:				//BUG HERE!
     1000:  773:				if (supplyCount(estate, state) < 0) {
call    0 returned 100%
branch  1 taken 100% (fallthrough)
branch  2 taken 0%
     1000:  774:					gainCard(estate, state, 0, currentPlayer);
call    0 returned 100%
        -:  775:
     1000:  776:					state->supplyCount[estate]--;//Decrement estates
     1000:  777:					if (supplyCount(estate, state) == 0) {
call    0 returned 100%
branch  1 taken 0% (fallthrough)
branch  2 taken 100%
    #####:  778:						isGameOver(state);
call    0 never executed
        -:  779:					}
        -:  780:				}
     1000:  781:				card_not_discarded = 0;//Exit the loop
        -:  782:			}
        -:  783:
        -:  784:			else {
     8839:  785:				p++;//Next card
        -:  786:			}
        -:  787:		}
        -:  788:	}
        -:  789:
        -:  790:	else {
        2:  791:		if (supplyCount(estate, state) > 0) {
call    0 returned 100%
branch  1 taken 0% (fallthrough)
branch  2 taken 100%
    #####:  792:			gainCard(estate, state, 0, currentPlayer);//Gain an estate
call    0 never executed
        -:  793:
    #####:  794:			state->supplyCount[estate]--;//Decrement Estates
    #####:  795:			if (supplyCount(estate, state) == 0) {
call    0 never executed
branch  1 never executed
branch  2 never executed
    #####:  796:				isGameOver(state);
call    0 never executed
        -:  797:			}
        -:  798:		}
        -:  799:	}
        -:  800:
        -:  801:
     1002:  802:	return 0;
        -:  803:}
        -:  804:
function ambassadorCard called 2 returned 100% blocks executed 83%
        2:  805:int ambassadorCard(int currentPlayer, int choice1, int choice2, int choice3, int handPos, struct gameState *state) 
        -:  806:{
        2:  807:		int j = 0;		//used to check if player has enough cards to discard
        -:  808:		int i;
        2:  809:		if (choice2 > 2 || choice2 < 0)
branch  0 taken 100% (fallthrough)
branch  1 taken 0%
branch  2 taken 0% (fallthrough)
branch  3 taken 100%
        -:  810:		{
    #####:  811:			return -1;
        -:  812:		}
        -:  813:
        2:  814:		if (choice1 == handPos)
branch  0 taken 50% (fallthrough)
branch  1 taken 50%
        -:  815:		{
        1:  816:			return -1;
        -:  817:		}
        -:  818:
        6:  819:		for (i = 0; i < state->handCount[currentPlayer]; i++)
branch  0 taken 83%
branch  1 taken 17% (fallthrough)
        -:  820:		{
        5:  821:			if (i != handPos && state->hand[currentPlayer][i] == state->hand[currentPlayer][choice1] && i != choice1)
branch  0 taken 80% (fallthrough)
branch  1 taken 20%
branch  2 taken 100% (fallthrough)
branch  3 taken 0%
branch  4 taken 75% (fallthrough)
branch  5 taken 25%
        -:  822:			{
        3:  823:				j++;
        -:  824:			}
        -:  825:		}
        1:  826:		if (j < choice2)
branch  0 taken 0% (fallthrough)
branch  1 taken 100%
        -:  827:		{
    #####:  828:			return -1;
        -:  829:		}
        -:  830:
        -:  831:		if (DEBUG)
        -:  832:			printf("Player %d reveals card number: %d\n", currentPlayer, state->hand[currentPlayer][choice1]);
        -:  833:
        -:  834:		//increase supply count for choosen card by amount being discarded
        1:  835:		state->supplyCount[choice1] += choice2;
        -:  836:
        -:  837:		//each other player gains a copy of revealed card
        -:  838://BUG HERE
        1:  839:		for (i = state->numPlayers; i < state->numPlayers; i++)
branch  0 taken 0%
branch  1 taken 100% (fallthrough)
        -:  840:		{
    #####:  841:			if (i != currentPlayer)
branch  0 never executed
branch  1 never executed
        -:  842:			{
    #####:  843:				gainCard(state->hand[currentPlayer][choice1], state, 0, i);
call    0 never executed
        -:  844:			}
        -:  845:		}
        -:  846:
        -:  847:		//discard played card from hand
        -:  848:		//discardCard(handPos, currentPlayer, state, 0);
        -:  849:
        -:  850:		//trash copies of cards returned to supply
        3:  851:		for (j = 0; j < choice2; j++)
branch  0 taken 67%
branch  1 taken 33% (fallthrough)
        -:  852:		{
        6:  853:			for (i = 0; i< state->handCount[currentPlayer]; i++)
branch  0 taken 67%
branch  1 taken 33% (fallthrough)
        -:  854:			{
        -:  855:				//BUG HERE
        4:  856:				if (state->hand[currentPlayer][i] == state->hand[currentPlayer][choice1])
branch  0 taken 100% (fallthrough)
branch  1 taken 0%
        -:  857:				{
        4:  858:					discardCard(i, currentPlayer, state, 1);
call    0 returned 100%
        -:  859:					//break;
        -:  860:				}
        -:  861:			}
        -:  862:		}
        -:  863:
        1:  864:		return 0;
        -:  865:	}
        -:  866:
        -:  867:
        -:  868:
function tributeCard called 4002 returned 100% blocks executed 90%
     4002:  869:int tributeCard(int currentPlayer, int nextPlayer, int choice1, int choice2, int choice3, int handPos, struct gameState *state) {
        -:  870:	int i;
     4002:  871:	int tributeRevealedCards[2] = { -1, -1 };
     4002:  872:	if ((state->discardCount[nextPlayer] + state->deckCount[nextPlayer]) <= 1) {
branch  0 taken 75% (fallthrough)
branch  1 taken 25%
     3000:  873:		if (state->deckCount[nextPlayer] > 0) {
branch  0 taken 0% (fallthrough)
branch  1 taken 100%
    #####:  874:			tributeRevealedCards[0] = state->deck[nextPlayer][state->deckCount[nextPlayer] - 1];
    #####:  875:			state->deckCount[nextPlayer]--;
        -:  876:		}
     3000:  877:		else if (state->discardCount[nextPlayer] > 0) {
branch  0 taken 33% (fallthrough)
branch  1 taken 67%
      999:  878:			tributeRevealedCards[0] = state->discard[nextPlayer][state->discardCount[nextPlayer] - 1];
      999:  879:			state->discardCount[nextPlayer]--;
        -:  880:		}
        -:  881:		else {
        -:  882:			//No Card to Reveal
        -:  883:			if (DEBUG) {
        -:  884:				printf("No cards to reveal\n");
        -:  885:			}
        -:  886:		}
        -:  887:	}
        -:  888:
        -:  889:	else {
     1002:  890:		if (state->deckCount[nextPlayer] == 0) {
branch  0 taken 99% (fallthrough)
branch  1 taken 1%
     2000:  891:			for (i = 0; i < state->discardCount[nextPlayer]; i++) {
branch  0 taken 50%
branch  1 taken 50% (fallthrough)
     1000:  892:				state->deck[nextPlayer][i] = state->discard[nextPlayer][i];//Move to deck
     1000:  893:				state->deckCount[nextPlayer]++;
     1000:  894:				state->discard[nextPlayer][i] = -1;
     1000:  895:				state->discardCount[nextPlayer]--;
        -:  896:			}
        -:  897:
     1000:  898:			shuffle(nextPlayer, state);//Shuffle the deck
call    0 returned 100%
        -:  899:		}
     1002:  900:		tributeRevealedCards[0] = state->deck[nextPlayer][state->deckCount[nextPlayer] - 1];
     1002:  901:		state->deck[nextPlayer][state->deckCount[nextPlayer]--] = -1;
     1002:  902:		state->deckCount[nextPlayer]--;
     1002:  903:		tributeRevealedCards[1] = state->deck[nextPlayer][state->deckCount[nextPlayer] - 1];
     1002:  904:		state->deck[nextPlayer][state->deckCount[nextPlayer]--] = -1;
     1002:  905:		state->deckCount[nextPlayer]--;
        -:  906:	}
        -:  907:
        -:  908:	//BUG HERE
     4002:  909:	if (tributeRevealedCards[0] == tributeRevealedCards[1]) { //If we have a duplicate card, just drop one
branch  0 taken 75% (fallthrough)
branch  1 taken 25%
     3002:  910:		state->playedCards[state->playedCardCount] = tributeRevealedCards[1];
     3002:  911:		state->playedCardCount++;
        -:  912:		//tributeRevealedCards[1] = -1;
        -:  913:	}
        -:  914:
    16008:  915:	for (i = 0; i <= 2; i++) {
branch  0 taken 75%
branch  1 taken 25% (fallthrough)
    12006:  916:		if (tributeRevealedCards[i] == copper || tributeRevealedCards[i] == silver || tributeRevealedCards[i] == gold) { //Treasure cards
branch  0 taken 99% (fallthrough)
branch  1 taken 1%
branch  2 taken 100% (fallthrough)
branch  3 taken 0%
branch  4 taken 0% (fallthrough)
branch  5 taken 100%
        3:  917:			state->coins += 2;
        -:  918:		}
        -:  919:
    12003:  920:		else if (tributeRevealedCards[i] == estate || tributeRevealedCards[i] == duchy || tributeRevealedCards[i] == province || tributeRevealedCards[i] == gardens || tributeRevealedCards[i] == great_hall) { //Victory Card Found
branch  0 taken 100% (fallthrough)
branch  1 taken 0%
branch  2 taken 100% (fallthrough)
branch  3 taken 0%
branch  4 taken 100% (fallthrough)
branch  5 taken 0%
branch  6 taken 100% (fallthrough)
branch  7 taken 0%
branch  8 taken 0% (fallthrough)
branch  9 taken 100%
    #####:  921:			drawCard(currentPlayer, state);
call    0 never executed
    #####:  922:			drawCard(currentPlayer, state);
call    0 never executed
        -:  923:		}
        -:  924:		//BUG HERE
        -:  925:		else { //Action Card
    12003:  926:			state->numActions = state->numActions -2;
        -:  927:		}
        -:  928:	}
        -:  929:
     4002:  930:	return 0;
        -:  931:}
function mineCard called 2 returned 100% blocks executed 82%
        2:  932:int mineCard(int currentPlayer, int choice1, int choice2, int choice3, int handPos, struct gameState *state) {
        -:  933:	int j, i;
        2:  934:	j = state->hand[currentPlayer][choice1];  //store card we will trash
        -:  935://	j= choice1;
        -:  936://	if (state->hand[currentPlayer][choice1] < copper || state->hand[currentPlayer][choice1] > gold)
        -:  937://	{
        -:  938://		return -1;
        -:  939://	}
        -:  940:
        2:  941:	if (choice2 > treasure_map || choice2 < curse)
branch  0 taken 100% (fallthrough)
branch  1 taken 0%
branch  2 taken 0% (fallthrough)
branch  3 taken 100%
        -:  942:	{
    #####:  943:		return -1;
        -:  944:	}
        -:  945:	//BUG HERE (add +3)
        2:  946:	if ((getCost(state->hand[currentPlayer][choice1])) > getCost(choice2))
call    0 returned 100%
call    1 returned 100%
branch  2 taken 0% (fallthrough)
branch  3 taken 100%
        -:  947:	{
    #####:  948:		return -1;
        -:  949:	}
        -:  950:
        2:  951:	gainCard(choice2, state, 2, currentPlayer);
call    0 returned 100%
        -:  952:
        -:  953:	//discard card from hand
        2:  954:	discardCard(handPos, currentPlayer, state, 0);
call    0 returned 100%
        -:  955:
        -:  956:	//discard trashed card
        -:  957:	//BUG HERE
        2:  958:	for (i = 0; i < state->handCount[currentPlayer]; i--)
branch  0 taken 50%
branch  1 taken 50% (fallthrough)
        -:  959:	{
        1:  960:		if (state->hand[currentPlayer][i] == j)
branch  0 taken 100% (fallthrough)
branch  1 taken 0%
        -:  961:		{
        1:  962:			discardCard(i, currentPlayer, state, 0);
call    0 returned 100%
        1:  963:			break;
        -:  964:		}
        -:  965:	}
        -:  966:
        2:  967:	return 0;
        -:  968:}
function cardEffect called 0 returned 0% blocks executed 0%
    #####:  969:int cardEffect(int card, int choice1, int choice2, int choice3, struct gameState *state, int handPos, int *bonus)
        -:  970:{
        -:  971:    int i;
        -:  972:    int j;
        -:  973:    int k;
        -:  974:    int x;
        -:  975:    int index;
    #####:  976:    int currentPlayer = whoseTurn(state);
call    0 never executed
    #####:  977:    int nextPlayer = currentPlayer + 1;
        -:  978:
        -:  979:    //int tributeRevealedCards[2] = {-1, -1};
        -:  980:    int temphand[MAX_HAND];// moved above the if statement
    #####:  981:    int drawntreasure=0;
        -:  982:    int cardDrawn;
    #####:  983:    int z = 0;// this is the counter for the temp hand
    #####:  984:    if (nextPlayer > (state->numPlayers - 1)) {
branch  0 never executed
branch  1 never executed
    #####:  985:        nextPlayer = 0;
        -:  986:    }
        -:  987:
        -:  988:
        -:  989:    //uses switch to select card and perform actions
    #####:  990:    switch( card )
branch  0 never executed
branch  1 never executed
branch  2 never executed
branch  3 never executed
branch  4 never executed
branch  5 never executed
branch  6 never executed
branch  7 never executed
branch  8 never executed
branch  9 never executed
branch 10 never executed
branch 11 never executed
branch 12 never executed
branch 13 never executed
branch 14 never executed
branch 15 never executed
branch 16 never executed
branch 17 never executed
branch 18 never executed
branch 19 never executed
branch 20 never executed
        -:  991:    {
        -:  992:    case adventurer:
    #####:  993:        while(drawntreasure<2) {
branch  0 never executed
branch  1 never executed
    #####:  994:            if (state->deckCount[currentPlayer] <1) { //if the deck is empty we need to shuffle discard and add to deck
branch  0 never executed
branch  1 never executed
    #####:  995:                shuffle(currentPlayer, state);
call    0 never executed
        -:  996:            }
    #####:  997:            drawCard(currentPlayer, state);
call    0 never executed
    #####:  998:            cardDrawn = state->hand[currentPlayer][state->handCount[currentPlayer]-1];//top card of hand is most recently drawn card.
    #####:  999:            if (cardDrawn == copper || cardDrawn == silver || cardDrawn == gold)
branch  0 never executed
branch  1 never executed
branch  2 never executed
branch  3 never executed
branch  4 never executed
branch  5 never executed
    #####: 1000:                drawntreasure++;
        -: 1001:            else {
    #####: 1002:                temphand[z]=cardDrawn;
    #####: 1003:                state->handCount[currentPlayer]--; //this should just remove the top card (the most recently drawn one).
    #####: 1004:                z++;
        -: 1005:            }
        -: 1006:        }
    #####: 1007:        while(z-1>=0) {
branch  0 never executed
branch  1 never executed
    #####: 1008:            state->discard[currentPlayer][state->discardCount[currentPlayer]++]=temphand[z-1]; // discard all cards in play that have been drawn
    #####: 1009:            z=z-1;
        -: 1010:        }
    #####: 1011:        return 0;
        -: 1012:
        -: 1013:    case council_room:
        -: 1014:        //+4 Cards
    #####: 1015:        for (i = 0; i < 4; i++)
branch  0 never executed
branch  1 never executed
        -: 1016:        {
    #####: 1017:            drawCard(currentPlayer, state);
call    0 never executed
        -: 1018:        }
        -: 1019:
        -: 1020:        //+1 Buy
    #####: 1021:        state->numBuys++;
        -: 1022:
        -: 1023:        //Each other player draws a card
    #####: 1024:        for (i = 0; i < state->numPlayers; i++)
branch  0 never executed
branch  1 never executed
        -: 1025:        {
    #####: 1026:            if ( i != currentPlayer )
branch  0 never executed
branch  1 never executed
        -: 1027:            {
    #####: 1028:                drawCard(i, state);
call    0 never executed
        -: 1029:            }
        -: 1030:        }
        -: 1031:
        -: 1032:        //put played card in played card pile
    #####: 1033:        discardCard(handPos, currentPlayer, state, 0);
call    0 never executed
        -: 1034:
    #####: 1035:        return 0;
        -: 1036:
        -: 1037:    case feast:
        -: 1038:        //gain card with cost up to 5
        -: 1039:        //Backup hand
    #####: 1040:        for (i = 0; i <= state->handCount[currentPlayer]; i++) {
branch  0 never executed
branch  1 never executed
    #####: 1041:            temphand[i] = state->hand[currentPlayer][i];//Backup card
    #####: 1042:            state->hand[currentPlayer][i] = -1;//Set to nothing
        -: 1043:        }
        -: 1044:        //Backup hand
        -: 1045:
        -: 1046:        //Update Coins for Buy
    #####: 1047:        updateCoins(currentPlayer, state, 5);
call    0 never executed
    #####: 1048:        x = 1;//Condition to loop on
    #####: 1049:        while( x == 1) {//Buy one card
branch  0 never executed
branch  1 never executed
    #####: 1050:            if (supplyCount(choice1, state) <= 0) {
call    0 never executed
branch  1 never executed
branch  2 never executed
        -: 1051:                if (DEBUG)
        -: 1052:                    printf("None of that card left, sorry!\n");
        -: 1053:
        -: 1054:                if (DEBUG) {
        -: 1055:                    printf("Cards Left: %d\n", supplyCount(choice1, state));
        -: 1056:                }
        -: 1057:            }
    #####: 1058:            else if (state->coins < getCost(choice1)) {
call    0 never executed
branch  1 never executed
branch  2 never executed
    #####: 1059:                printf("That card is too expensive!\n");
call    0 never executed
        -: 1060:
        -: 1061:                if (DEBUG) {
        -: 1062:                    printf("Coins: %d < %d\n", state->coins, getCost(choice1));
        -: 1063:                }
        -: 1064:            }
        -: 1065:            else {
        -: 1066:
        -: 1067:                if (DEBUG) {
        -: 1068:                    printf("Deck Count: %d\n", state->handCount[currentPlayer] + state->deckCount[currentPlayer] + state->discardCount[currentPlayer]);
        -: 1069:                }
        -: 1070:
    #####: 1071:                gainCard(choice1, state, 0, currentPlayer);//Gain the card
call    0 never executed
    #####: 1072:                x = 0;//No more buying cards
        -: 1073:
        -: 1074:                if (DEBUG) {
        -: 1075:                    printf("Deck Count: %d\n", state->handCount[currentPlayer] + state->deckCount[currentPlayer] + state->discardCount[currentPlayer]);
        -: 1076:                }
        -: 1077:
        -: 1078:            }
        -: 1079:        }
        -: 1080:
        -: 1081:        //Reset Hand
    #####: 1082:        for (i = 0; i <= state->handCount[currentPlayer]; i++) {
branch  0 never executed
branch  1 never executed
    #####: 1083:            state->hand[currentPlayer][i] = temphand[i];
    #####: 1084:            temphand[i] = -1;
        -: 1085:        }
        -: 1086:        //Reset Hand
        -: 1087:
    #####: 1088:        return 0;
        -: 1089:
        -: 1090:    case gardens:
    #####: 1091:        return -1;
        -: 1092:
        -: 1093:    case mine:
    #####: 1094:		mineCard(currentPlayer, choice1, choice2, choice3, handPos, state);
call    0 never executed
        -: 1095:
        -: 1096:    case remodel:
    #####: 1097:        j = state->hand[currentPlayer][choice1];  //store card we will trash
        -: 1098:
    #####: 1099:        if ( (getCost(state->hand[currentPlayer][choice1]) + 2) > getCost(choice2) )
call    0 never executed
call    1 never executed
branch  2 never executed
branch  3 never executed
        -: 1100:        {
    #####: 1101:            return -1;
        -: 1102:        }
        -: 1103:
    #####: 1104:        gainCard(choice2, state, 0, currentPlayer);
call    0 never executed
        -: 1105:
        -: 1106:        //discard card from hand
    #####: 1107:        discardCard(handPos, currentPlayer, state, 0);
call    0 never executed
        -: 1108:
        -: 1109:        //discard trashed card
    #####: 1110:        for (i = 0; i < state->handCount[currentPlayer]; i++)
branch  0 never executed
branch  1 never executed
        -: 1111:        {
    #####: 1112:            if (state->hand[currentPlayer][i] == j)
branch  0 never executed
branch  1 never executed
        -: 1113:            {
    #####: 1114:                discardCard(i, currentPlayer, state, 0);
call    0 never executed
    #####: 1115:                break;
        -: 1116:            }
        -: 1117:        }
        -: 1118:
        -: 1119:
    #####: 1120:        return 0;
        -: 1121:
        -: 1122:    case smithy:
        -: 1123:        //+3 Cards
    #####: 1124:        for (i = 0; i < 3; i++)
branch  0 never executed
branch  1 never executed
        -: 1125:        {
    #####: 1126:            drawCard(currentPlayer, state);
call    0 never executed
        -: 1127:        }
        -: 1128:
        -: 1129:        //discard card from hand
    #####: 1130:        discardCard(handPos, currentPlayer, state, 0);
call    0 never executed
    #####: 1131:        return 0;
        -: 1132:
        -: 1133:    case village:
        -: 1134:        //+1 Card
    #####: 1135:        drawCard(currentPlayer, state);
call    0 never executed
        -: 1136:
        -: 1137:        //+2 Actions
    #####: 1138:        state->numActions = state->numActions + 2;
        -: 1139:
        -: 1140:        //discard played card from hand
    #####: 1141:        discardCard(handPos, currentPlayer, state, 0);
call    0 never executed
    #####: 1142:        return 0;
        -: 1143:
        -: 1144:    case baron:
    #####: 1145:		baronCard(currentPlayer, choice1, choice2, choice3, state);
call    0 never executed
        -: 1146:
        -: 1147:    case great_hall:
        -: 1148:        //+1 Card
    #####: 1149:        drawCard(currentPlayer, state);
call    0 never executed
        -: 1150:
        -: 1151:        //+1 Actions
    #####: 1152:        state->numActions++;
        -: 1153:
        -: 1154:        //discard card from hand
    #####: 1155:        discardCard(handPos, currentPlayer, state, 0);
call    0 never executed
    #####: 1156:        return 0;
        -: 1157:
        -: 1158:    case minion:
    #####: 1159:		minionCard(currentPlayer, choice1, choice2, choice3, state, handPos);
call    0 never executed
        -: 1160:    case steward:
    #####: 1161:        if (choice1 == 1)
branch  0 never executed
branch  1 never executed
        -: 1162:        {
        -: 1163:            //+2 cards
    #####: 1164:            drawCard(currentPlayer, state);
call    0 never executed
    #####: 1165:            drawCard(currentPlayer, state);
call    0 never executed
        -: 1166:        }
    #####: 1167:        else if (choice1 == 2)
branch  0 never executed
branch  1 never executed
        -: 1168:        {
        -: 1169:            //+2 coins
    #####: 1170:            state->coins = state->coins + 2;
        -: 1171:        }
        -: 1172:        else
        -: 1173:        {
        -: 1174:            //trash 2 cards in hand
    #####: 1175:            discardCard(choice2, currentPlayer, state, 1);
call    0 never executed
    #####: 1176:            discardCard(choice3, currentPlayer, state, 1);
call    0 never executed
        -: 1177:        }
        -: 1178:
        -: 1179:        //discard card from hand
    #####: 1180:        discardCard(handPos, currentPlayer, state, 0);
call    0 never executed
    #####: 1181:        return 0;
        -: 1182:
        -: 1183:    case tribute:
    #####: 1184:		tributeCard( currentPlayer, nextPlayer, choice1, choice2, choice3, handPos, state);
call    0 never executed
        -: 1185:
        -: 1186:    case ambassador:
    #####: 1187:		ambassadorCard(currentPlayer, choice1, choice2, choice3, handPos, state);
call    0 never executed
        -: 1188:
        -: 1189:    case cutpurse:
        -: 1190:
    #####: 1191:        updateCoins(currentPlayer, state, 2);
call    0 never executed
    #####: 1192:        for (i = 0; i < state->numPlayers; i++)
branch  0 never executed
branch  1 never executed
        -: 1193:        {
    #####: 1194:            if (i != currentPlayer)
branch  0 never executed
branch  1 never executed
        -: 1195:            {
    #####: 1196:                for (j = 0; j < state->handCount[i]; j++)
branch  0 never executed
branch  1 never executed
        -: 1197:                {
    #####: 1198:                    if (state->hand[i][j] == copper)
branch  0 never executed
branch  1 never executed
        -: 1199:                    {
    #####: 1200:                        discardCard(j, i, state, 0);
call    0 never executed
    #####: 1201:                        break;
        -: 1202:                    }
    #####: 1203:                    if (j == state->handCount[i])
branch  0 never executed
branch  1 never executed
        -: 1204:                    {
    #####: 1205:                        for (k = 0; k < state->handCount[i]; k++)
branch  0 never executed
branch  1 never executed
        -: 1206:                        {
        -: 1207:                            if (DEBUG)
        -: 1208:                                printf("Player %d reveals card number %d\n", i, state->hand[i][k]);
        -: 1209:                        }
    #####: 1210:                        break;
        -: 1211:                    }
        -: 1212:                }
        -: 1213:
        -: 1214:            }
        -: 1215:
        -: 1216:        }
        -: 1217:
        -: 1218:        //discard played card from hand
    #####: 1219:        discardCard(handPos, currentPlayer, state, 0);
call    0 never executed
        -: 1220:
    #####: 1221:        return 0;
        -: 1222:
        -: 1223:
        -: 1224:    case embargo:
        -: 1225:        //+2 Coins
    #####: 1226:        state->coins = state->coins + 2;
        -: 1227:
        -: 1228:        //see if selected pile is in play
    #####: 1229:        if ( state->supplyCount[choice1] == -1 )
branch  0 never executed
branch  1 never executed
        -: 1230:        {
    #####: 1231:            return -1;
        -: 1232:        }
        -: 1233:
        -: 1234:        //add embargo token to selected supply pile
    #####: 1235:        state->embargoTokens[choice1]++;
        -: 1236:
        -: 1237:        //trash card
    #####: 1238:        discardCard(handPos, currentPlayer, state, 1);
call    0 never executed
    #####: 1239:        return 0;
        -: 1240:
        -: 1241:    case outpost:
        -: 1242:        //set outpost flag
    #####: 1243:        state->outpostPlayed++;
        -: 1244:
        -: 1245:        //discard card
    #####: 1246:        discardCard(handPos, currentPlayer, state, 0);
call    0 never executed
    #####: 1247:        return 0;
        -: 1248:
        -: 1249:    case salvager:
        -: 1250:        //+1 buy
    #####: 1251:        state->numBuys++;
        -: 1252:
    #####: 1253:        if (choice1)
branch  0 never executed
branch  1 never executed
        -: 1254:        {
        -: 1255:            //gain coins equal to trashed card
    #####: 1256:            state->coins = state->coins + getCost( handCard(choice1, state) );
call    0 never executed
call    1 never executed
        -: 1257:            //trash card
    #####: 1258:            discardCard(choice1, currentPlayer, state, 1);
call    0 never executed
        -: 1259:        }
        -: 1260:
        -: 1261:        //discard card
    #####: 1262:        discardCard(handPos, currentPlayer, state, 0);
call    0 never executed
    #####: 1263:        return 0;
        -: 1264:
        -: 1265:    case sea_hag:
    #####: 1266:        for (i = 0; i < state->numPlayers; i++) {
branch  0 never executed
branch  1 never executed
    #####: 1267:            if (i != currentPlayer) {
branch  0 never executed
branch  1 never executed
    #####: 1268:                state->discard[i][state->discardCount[i]] = state->deck[i][state->deckCount[i]--];
    #####: 1269:                state->deckCount[i]--;
    #####: 1270:                state->discardCount[i]++;
    #####: 1271:                state->deck[i][state->deckCount[i]--] = curse;//Top card now a curse
        -: 1272:            }
        -: 1273:        }
    #####: 1274:        return 0;
        -: 1275:
        -: 1276:    case treasure_map:
        -: 1277:        //search hand for another treasure_map
    #####: 1278:        index = -1;
    #####: 1279:        for (i = 0; i < state->handCount[currentPlayer]; i++)
branch  0 never executed
branch  1 never executed
        -: 1280:        {
    #####: 1281:            if (state->hand[currentPlayer][i] == treasure_map && i != handPos)
branch  0 never executed
branch  1 never executed
branch  2 never executed
branch  3 never executed
        -: 1282:            {
    #####: 1283:                index = i;
    #####: 1284:                break;
        -: 1285:            }
        -: 1286:        }
    #####: 1287:        if (index > -1)
branch  0 never executed
branch  1 never executed
        -: 1288:        {
        -: 1289:            //trash both treasure cards
    #####: 1290:            discardCard(handPos, currentPlayer, state, 1);
call    0 never executed
    #####: 1291:            discardCard(index, currentPlayer, state, 1);
call    0 never executed
        -: 1292:
        -: 1293:            //gain 4 Gold cards
    #####: 1294:            for (i = 0; i < 4; i++)
branch  0 never executed
branch  1 never executed
        -: 1295:            {
    #####: 1296:                gainCard(gold, state, 1, currentPlayer);
call    0 never executed
        -: 1297:            }
        -: 1298:
        -: 1299:            //return success
    #####: 1300:            return 1;
        -: 1301:        }
        -: 1302:
        -: 1303:        //no second treasure_map found in hand
    #####: 1304:        return -1;
        -: 1305:    }
        -: 1306:
    #####: 1307:    return -1;
        -: 1308:}
        -: 1309:
function discardCard called 54353 returned 100% blocks executed 100%
    54353: 1310:int discardCard(int handPos, int currentPlayer, struct gameState *state, int trashFlag)
        -: 1311:{
        -: 1312:
        -: 1313:    //if card is not trashed, added to Played pile
    54353: 1314:    if (trashFlag < 1)
branch  0 taken 98% (fallthrough)
branch  1 taken 2%
        -: 1315:    {
        -: 1316:        //add card to played pile
    53347: 1317:        state->playedCards[state->playedCardCount] = state->hand[currentPlayer][handPos];
    53347: 1318:        state->playedCardCount++;
        -: 1319:    }
        -: 1320:
        -: 1321:    //set played card to -1
    54353: 1322:    state->hand[currentPlayer][handPos] = -1;
        -: 1323:
        -: 1324:    //remove card from player's hand
    54353: 1325:    if ( handPos == (state->handCount[currentPlayer] - 1) ) 	//last card in hand array is played
branch  0 taken 1% (fallthrough)
branch  1 taken 99%
        -: 1326:    {
        -: 1327:        //reduce number of cards in hand
      225: 1328:        state->handCount[currentPlayer]--;
        -: 1329:    }
    54128: 1330:    else if ( state->handCount[currentPlayer] == 1 ) //only one card in hand
branch  0 taken 1% (fallthrough)
branch  1 taken 99%
        -: 1331:    {
        -: 1332:        //reduce number of cards in hand
        2: 1333:        state->handCount[currentPlayer]--;
        -: 1334:    }
        -: 1335:    else
        -: 1336:    {
        -: 1337:        //replace discarded card with last card in hand
    54126: 1338:        state->hand[currentPlayer][handPos] = state->hand[currentPlayer][ (state->handCount[currentPlayer] - 1)];
        -: 1339:        //set last card to -1
    54126: 1340:        state->hand[currentPlayer][state->handCount[currentPlayer] - 1] = -1;
        -: 1341:        //reduce number of cards in hand
    54126: 1342:        state->handCount[currentPlayer]--;
        -: 1343:    }
        -: 1344:
    54353: 1345:    return 0;
        -: 1346:}
        -: 1347:
function gainCard called 1002 returned 100% blocks executed 80%
     1002: 1348:int gainCard(int supplyPos, struct gameState *state, int toFlag, int player)
        -: 1349:{
        -: 1350:    //Note: supplyPos is enum of choosen card
        -: 1351:
        -: 1352:    //check if supply pile is empty (0) or card is not used in game (-1)
     1002: 1353:    if ( supplyCount(supplyPos, state) < 1 )
call    0 returned 100%
branch  1 taken 99% (fallthrough)
branch  2 taken 1%
        -: 1354:    {
     1001: 1355:        return -1;
        -: 1356:    }
        -: 1357:
        -: 1358:    //added card for [whoseTurn] current player:
        -: 1359:    // toFlag = 0 : add to discard
        -: 1360:    // toFlag = 1 : add to deck
        -: 1361:    // toFlag = 2 : add to hand
        -: 1362:
        1: 1363:    if (toFlag == 1)
branch  0 taken 0% (fallthrough)
branch  1 taken 100%
        -: 1364:    {
    #####: 1365:        state->deck[ player ][ state->deckCount[player] ] = supplyPos;
    #####: 1366:        state->deckCount[player]++;
        -: 1367:    }
        1: 1368:    else if (toFlag == 2)
branch  0 taken 100% (fallthrough)
branch  1 taken 0%
        -: 1369:    {
        1: 1370:        state->hand[ player ][ state->handCount[player] ] = supplyPos;
        1: 1371:        state->handCount[player]++;
        -: 1372:    }
        -: 1373:    else
        -: 1374:    {
    #####: 1375:        state->discard[player][ state->discardCount[player] ] = supplyPos;
    #####: 1376:        state->discardCount[player]++;
        -: 1377:    }
        -: 1378:
        -: 1379:    //decrease number in supply pile
        1: 1380:    state->supplyCount[supplyPos]--;
        -: 1381:
        1: 1382:    return 0;
        -: 1383:}
        -: 1384:
function updateCoins called 1006 returned 100% blocks executed 82%
     1006: 1385:int updateCoins(int player, struct gameState *state, int bonus)
        -: 1386:{
        -: 1387:    int i;
        -: 1388:
        -: 1389:    //reset coin count
     1006: 1390:    state->coins = 0;
        -: 1391:
        -: 1392:    //add coins for each Treasure card in player's hand
     6036: 1393:    for (i = 0; i < state->handCount[player]; i++)
branch  0 taken 83%
branch  1 taken 17% (fallthrough)
        -: 1394:    {
     5030: 1395:        if (state->hand[player][i] == copper)
branch  0 taken 80% (fallthrough)
branch  1 taken 20%
        -: 1396:        {
     4024: 1397:            state->coins += 1;
        -: 1398:        }
     1006: 1399:        else if (state->hand[player][i] == silver)
branch  0 taken 0% (fallthrough)
branch  1 taken 100%
        -: 1400:        {
    #####: 1401:            state->coins += 2;
        -: 1402:        }
     1006: 1403:        else if (state->hand[player][i] == gold)
branch  0 taken 0% (fallthrough)
branch  1 taken 100%
        -: 1404:        {
    #####: 1405:            state->coins += 3;
        -: 1406:        }
        -: 1407:    }
        -: 1408:
        -: 1409:    //add bonus
     1006: 1410:    state->coins += bonus;
        -: 1411:
     1006: 1412:    return 0;
        -: 1413:}
        -: 1414:
        -: 1415:
        -: 1416://end of dominion.c
        -: 1417:
